2012/04/23 22:15:26 [error] [php] date() [<a href='function.date'>function.date</a>]: It is not safe to rely on the system's timezone settings. You are *required* to use the date.timezone setting or the date_default_timezone_set() function. In case you used any of those methods and you are still getting this warning, you most likely misspelled the timezone identifier. We selected 'America/Los_Angeles' for 'PDT/-7.0/DST' instead (/home/qa/PhpTools/httpd-2.2.19-bin/htdocs/yiiblog/protected/views/layouts/main.php:50)
Stack trace:
#0 /home/qa/PhpTools/httpd-2.2.19-bin/htdocs/yii-1.1.10.r3566/framework/web/CBaseController.php(96): SiteController->renderInternal()
#1 /home/qa/PhpTools/httpd-2.2.19-bin/htdocs/yii-1.1.10.r3566/framework/web/widgets/CContentDecorator.php(77): SiteController->renderFile()
#2 /home/qa/PhpTools/httpd-2.2.19-bin/htdocs/yii-1.1.10.r3566/framework/web/widgets/CContentDecorator.php(55): CContentDecorator->decorate()
#3 /home/qa/PhpTools/httpd-2.2.19-bin/htdocs/yii-1.1.10.r3566/framework/web/widgets/COutputProcessor.php(45): CContentDecorator->processOutput()
#4 /home/qa/PhpTools/httpd-2.2.19-bin/htdocs/yii-1.1.10.r3566/framework/web/CBaseController.php(207): CContentDecorator->run()
#5 /home/qa/PhpTools/httpd-2.2.19-bin/htdocs/yii-1.1.10.r3566/framework/web/CBaseController.php(301): SiteController->endWidget()
#6 /home/qa/PhpTools/httpd-2.2.19-bin/htdocs/yiiblog/protected/views/layouts/column1.php(5): SiteController->endContent()
#7 /home/qa/PhpTools/httpd-2.2.19-bin/htdocs/yii-1.1.10.r3566/framework/web/CBaseController.php(127): require()
#8 /home/qa/PhpTools/httpd-2.2.19-bin/htdocs/yii-1.1.10.r3566/framework/web/CBaseController.php(96): SiteController->renderInternal()
#9 /home/qa/PhpTools/httpd-2.2.19-bin/htdocs/yii-1.1.10.r3566/framework/web/CController.php(785): SiteController->renderFile()
#10 /home/qa/PhpTools/httpd-2.2.19-bin/htdocs/yiiblog/protected/controllers/SiteController.php(32): SiteController->render()
#11 /home/qa/PhpTools/httpd-2.2.19-bin/htdocs/yii-1.1.10.r3566/framework/web/actions/CInlineAction.php(50): SiteController->actionIndex()
#12 /home/qa/PhpTools/httpd-2.2.19-bin/htdocs/yii-1.1.10.r3566/framework/web/CController.php(309): CInlineAction->runWithParams()
#13 /home/qa/PhpTools/httpd-2.2.19-bin/htdocs/yii-1.1.10.r3566/framework/web/CController.php(287): SiteController->runAction()
#14 /home/qa/PhpTools/httpd-2.2.19-bin/htdocs/yii-1.1.10.r3566/framework/web/CController.php(266): SiteController->runActionWithFilters()
#15 /home/qa/PhpTools/httpd-2.2.19-bin/htdocs/yii-1.1.10.r3566/framework/web/CWebApplication.php(276): SiteController->run()
#16 /home/qa/PhpTools/httpd-2.2.19-bin/htdocs/yii-1.1.10.r3566/framework/web/CWebApplication.php(135): CWebApplication->runController()
#17 /home/qa/PhpTools/httpd-2.2.19-bin/htdocs/yii-1.1.10.r3566/framework/base/CApplication.php(162): CWebApplication->processRequest()
#18 /home/qa/PhpTools/httpd-2.2.19-bin/htdocs/yiiblog/index.php(13): CWebApplication->run()
REQUEST_URI=/yiiblog/
in /home/qa/PhpTools/httpd-2.2.19-bin/htdocs/yiiblog/protected/views/layouts/main.php (50)
in /home/qa/PhpTools/httpd-2.2.19-bin/htdocs/yiiblog/protected/views/layouts/column1.php (5)
in /home/qa/PhpTools/httpd-2.2.19-bin/htdocs/yiiblog/protected/controllers/SiteController.php (32)
2012/04/24 04:59:18 [error] [exception.CException] exception 'CException' with message 'Property "Post.tagLinks" is not defined.' in /home/qa/PhpTools/httpd-2.2.19-bin/htdocs/yii-1.1.10.r3566/framework/base/CComponent.php:131
Stack trace:
#0 /home/qa/PhpTools/httpd-2.2.19-bin/htdocs/yii-1.1.10.r3566/framework/db/ar/CActiveRecord.php(144): CComponent->__get('tagLinks')
#1 /home/qa/PhpTools/httpd-2.2.19-bin/htdocs/yiiblog/protected/views/post/_view.php(17): CActiveRecord->__get('tagLinks')
#2 /home/qa/PhpTools/httpd-2.2.19-bin/htdocs/yii-1.1.10.r3566/framework/web/CBaseController.php(127): require('/home/qa/PhpToo...')
#3 /home/qa/PhpTools/httpd-2.2.19-bin/htdocs/yii-1.1.10.r3566/framework/web/CBaseController.php(96): CBaseController->renderInternal('/home/qa/PhpToo...', Array, true)
#4 /home/qa/PhpTools/httpd-2.2.19-bin/htdocs/yii-1.1.10.r3566/framework/web/CController.php(870): CBaseController->renderFile('/home/qa/PhpToo...', Array, true)
#5 /home/qa/PhpTools/httpd-2.2.19-bin/htdocs/yii-1.1.10.r3566/framework/zii/widgets/CListView.php(242): CController->renderPartial('_view', Array)
#6 /home/qa/PhpTools/httpd-2.2.19-bin/htdocs/yii-1.1.10.r3566/framework/zii/widgets/CBaseListView.php(158): CListView->renderItems()
#7 [internal function]: CBaseListView->renderSection(Array)
#8 /home/qa/PhpTools/httpd-2.2.19-bin/htdocs/yii-1.1.10.r3566/framework/zii/widgets/CBaseListView.php(141): preg_replace_callback('/{(\w+)}/', Array, '{summary}?{sort...')
#9 /home/qa/PhpTools/httpd-2.2.19-bin/htdocs/yii-1.1.10.r3566/framework/zii/widgets/CBaseListView.php(126): CBaseListView->renderContent()
#10 /home/qa/PhpTools/httpd-2.2.19-bin/htdocs/yii-1.1.10.r3566/framework/web/CBaseController.php(174): CBaseListView->run()
#11 /home/qa/PhpTools/httpd-2.2.19-bin/htdocs/yiiblog/protected/views/post/index.php(17): CBaseController->widget('zii.widgets.CLi...', Array)
#12 /home/qa/PhpTools/httpd-2.2.19-bin/htdocs/yii-1.1.10.r3566/framework/web/CBaseController.php(127): require('/home/qa/PhpToo...')
#13 /home/qa/PhpTools/httpd-2.2.19-bin/htdocs/yii-1.1.10.r3566/framework/web/CBaseController.php(96): CBaseController->renderInternal('/home/qa/PhpToo...', Array, true)
#14 /home/qa/PhpTools/httpd-2.2.19-bin/htdocs/yii-1.1.10.r3566/framework/web/CController.php(870): CBaseController->renderFile('/home/qa/PhpToo...', Array, true)
#15 /home/qa/PhpTools/httpd-2.2.19-bin/htdocs/yii-1.1.10.r3566/framework/web/CController.php(783): CController->renderPartial('index', Array, true)
#16 /home/qa/PhpTools/httpd-2.2.19-bin/htdocs/yiiblog/protected/controllers/PostController.php(133): CController->render('index', Array)
#17 /home/qa/PhpTools/httpd-2.2.19-bin/htdocs/yii-1.1.10.r3566/framework/web/actions/CInlineAction.php(50): PostController->actionIndex()
#18 /home/qa/PhpTools/httpd-2.2.19-bin/htdocs/yii-1.1.10.r3566/framework/web/CController.php(309): CInlineAction->runWithParams(Array)
#19 /home/qa/PhpTools/httpd-2.2.19-bin/htdocs/yii-1.1.10.r3566/framework/web/filters/CFilterChain.php(134): CController->runAction(Object(CInlineAction))
#20 /home/qa/PhpTools/httpd-2.2.19-bin/htdocs/yii-1.1.10.r3566/framework/web/filters/CFilter.php(41): CFilterChain->run()
#21 /home/qa/PhpTools/httpd-2.2.19-bin/htdocs/yii-1.1.10.r3566/framework/web/CController.php(1146): CFilter->filter(Object(CFilterChain))
#22 /home/qa/PhpTools/httpd-2.2.19-bin/htdocs/yii-1.1.10.r3566/framework/web/filters/CInlineFilter.php(59): CController->filterAccessControl(Object(CFilterChain))
#23 /home/qa/PhpTools/httpd-2.2.19-bin/htdocs/yii-1.1.10.r3566/framework/web/filters/CFilterChain.php(131): CInlineFilter->filter(Object(CFilterChain))
#24 /home/qa/PhpTools/httpd-2.2.19-bin/htdocs/yii-1.1.10.r3566/framework/web/CController.php(292): CFilterChain->run()
#25 /home/qa/PhpTools/httpd-2.2.19-bin/htdocs/yii-1.1.10.r3566/framework/web/CController.php(266): CController->runActionWithFilters(Object(CInlineAction), Array)
#26 /home/qa/PhpTools/httpd-2.2.19-bin/htdocs/yii-1.1.10.r3566/framework/web/CWebApplication.php(276): CController->run('')
#27 /home/qa/PhpTools/httpd-2.2.19-bin/htdocs/yii-1.1.10.r3566/framework/web/CWebApplication.php(135): CWebApplication->runController('post')
#28 /home/qa/PhpTools/httpd-2.2.19-bin/htdocs/yii-1.1.10.r3566/framework/base/CApplication.php(162): CWebApplication->processRequest()
#29 /home/qa/PhpTools/httpd-2.2.19-bin/htdocs/yiiblog/index.php(13): CApplication->run()
#30 {main}
REQUEST_URI=/yiiblog/index.php?r=post
---
2012/04/24 05:03:29 [error] [php] preg_split() [<a href='function.preg-split'>function.preg-split</a>]: No ending delimiter '/' found (/home/qa/PhpTools/httpd-2.2.19-bin/htdocs/yiiblog/protected/models/Tag.php:93)
Stack trace:
#0 /home/qa/PhpTools/httpd-2.2.19-bin/htdocs/yii-1.1.10.r3566/framework/base/CComponent.php(112): Post->getTagLinks()
#1 /home/qa/PhpTools/httpd-2.2.19-bin/htdocs/yii-1.1.10.r3566/framework/db/ar/CActiveRecord.php(144): Post->__get()
#2 /home/qa/PhpTools/httpd-2.2.19-bin/htdocs/yiiblog/protected/views/post/_view.php(17): Post->__get()
#3 /home/qa/PhpTools/httpd-2.2.19-bin/htdocs/yii-1.1.10.r3566/framework/web/CBaseController.php(127): require()
#4 /home/qa/PhpTools/httpd-2.2.19-bin/htdocs/yii-1.1.10.r3566/framework/web/CBaseController.php(96): PostController->renderInternal()
#5 /home/qa/PhpTools/httpd-2.2.19-bin/htdocs/yii-1.1.10.r3566/framework/web/CController.php(870): PostController->renderFile()
#6 /home/qa/PhpTools/httpd-2.2.19-bin/htdocs/yii-1.1.10.r3566/framework/zii/widgets/CListView.php(242): PostController->renderPartial()
#7 /home/qa/PhpTools/httpd-2.2.19-bin/htdocs/yii-1.1.10.r3566/framework/zii/widgets/CBaseListView.php(158): CListView->renderItems()
#8 unknown(0): CListView->renderSection()
#9 /home/qa/PhpTools/httpd-2.2.19-bin/htdocs/yii-1.1.10.r3566/framework/zii/widgets/CBaseListView.php(141): preg_replace_callback()
#10 /home/qa/PhpTools/httpd-2.2.19-bin/htdocs/yii-1.1.10.r3566/framework/zii/widgets/CBaseListView.php(126): CListView->renderContent()
#11 /home/qa/PhpTools/httpd-2.2.19-bin/htdocs/yii-1.1.10.r3566/framework/web/CBaseController.php(174): CListView->run()
#12 /home/qa/PhpTools/httpd-2.2.19-bin/htdocs/yiiblog/protected/views/post/index.php(17): PostController->widget()
#13 /home/qa/PhpTools/httpd-2.2.19-bin/htdocs/yii-1.1.10.r3566/framework/web/CBaseController.php(127): require()
#14 /home/qa/PhpTools/httpd-2.2.19-bin/htdocs/yii-1.1.10.r3566/framework/web/CBaseController.php(96): PostController->renderInternal()
#15 /home/qa/PhpTools/httpd-2.2.19-bin/htdocs/yii-1.1.10.r3566/framework/web/CController.php(870): PostController->renderFile()
#16 /home/qa/PhpTools/httpd-2.2.19-bin/htdocs/yii-1.1.10.r3566/framework/web/CController.php(783): PostController->renderPartial()
#17 /home/qa/PhpTools/httpd-2.2.19-bin/htdocs/yiiblog/protected/controllers/PostController.php(133): PostController->render()
#18 /home/qa/PhpTools/httpd-2.2.19-bin/htdocs/yii-1.1.10.r3566/framework/web/actions/CInlineAction.php(50): PostController->actionIndex()
#19 /home/qa/PhpTools/httpd-2.2.19-bin/htdocs/yii-1.1.10.r3566/framework/web/CController.php(309): CInlineAction->runWithParams()
#20 /home/qa/PhpTools/httpd-2.2.19-bin/htdocs/yii-1.1.10.r3566/framework/web/filters/CFilterChain.php(134): PostController->runAction()
#21 /home/qa/PhpTools/httpd-2.2.19-bin/htdocs/yii-1.1.10.r3566/framework/web/filters/CFilter.php(41): CFilterChain->run()
#22 /home/qa/PhpTools/httpd-2.2.19-bin/htdocs/yii-1.1.10.r3566/framework/web/CController.php(1146): CAccessControlFilter->filter()
#23 /home/qa/PhpTools/httpd-2.2.19-bin/htdocs/yii-1.1.10.r3566/framework/web/filters/CInlineFilter.php(59): PostController->filterAccessControl()
#24 /home/qa/PhpTools/httpd-2.2.19-bin/htdocs/yii-1.1.10.r3566/framework/web/filters/CFilterChain.php(131): CInlineFilter->filter()
#25 /home/qa/PhpTools/httpd-2.2.19-bin/htdocs/yii-1.1.10.r3566/framework/web/CController.php(292): CFilterChain->run()
#26 /home/qa/PhpTools/httpd-2.2.19-bin/htdocs/yii-1.1.10.r3566/framework/web/CController.php(266): PostController->runActionWithFilters()
#27 /home/qa/PhpTools/httpd-2.2.19-bin/htdocs/yii-1.1.10.r3566/framework/web/CWebApplication.php(276): PostController->run()
#28 /home/qa/PhpTools/httpd-2.2.19-bin/htdocs/yii-1.1.10.r3566/framework/web/CWebApplication.php(135): CWebApplication->runController()
#29 /home/qa/PhpTools/httpd-2.2.19-bin/htdocs/yii-1.1.10.r3566/framework/base/CApplication.php(162): CWebApplication->processRequest()
#30 /home/qa/PhpTools/httpd-2.2.19-bin/htdocs/yiiblog/index.php(13): CWebApplication->run()
REQUEST_URI=/yiiblog/index.php?r=post
in /home/qa/PhpTools/httpd-2.2.19-bin/htdocs/yiiblog/protected/models/Tag.php (93)
in /home/qa/PhpTools/httpd-2.2.19-bin/htdocs/yiiblog/protected/models/Post.php (142)
in /home/qa/PhpTools/httpd-2.2.19-bin/htdocs/yiiblog/protected/views/post/_view.php (17)
2012/04/24 05:44:08 [error] [exception.CException] exception 'CException' with message 'Comment and its behaviors do not have a method or closure named "getUrl".' in /home/qa/PhpTools/httpd-2.2.19-bin/htdocs/yii-1.1.10.r3566/framework/base/CComponent.php:266
Stack trace:
#0 /home/qa/PhpTools/httpd-2.2.19-bin/htdocs/yii-1.1.10.r3566/framework/db/ar/CActiveRecord.php(226): CComponent->__call('getUrl', Array)
#1 /home/qa/PhpTools/httpd-2.2.19-bin/htdocs/yiiblog/protected/views/post/_comments.php(5): CActiveRecord->__call('getUrl', Array)
#2 /home/qa/PhpTools/httpd-2.2.19-bin/htdocs/yiiblog/protected/views/post/_comments.php(5): Comment->getUrl(Object(Post))
#3 /home/qa/PhpTools/httpd-2.2.19-bin/htdocs/yii-1.1.10.r3566/framework/web/CBaseController.php(127): require('/home/qa/PhpToo...')
#4 /home/qa/PhpTools/httpd-2.2.19-bin/htdocs/yii-1.1.10.r3566/framework/web/CBaseController.php(96): CBaseController->renderInternal('/home/qa/PhpToo...', Array, true)
#5 /home/qa/PhpTools/httpd-2.2.19-bin/htdocs/yii-1.1.10.r3566/framework/web/CController.php(870): CBaseController->renderFile('/home/qa/PhpToo...', Array, true)
#6 /home/qa/PhpTools/httpd-2.2.19-bin/htdocs/yiiblog/protected/views/post/view.php(30): CController->renderPartial('_comments', Array)
#7 /home/qa/PhpTools/httpd-2.2.19-bin/htdocs/yii-1.1.10.r3566/framework/web/CBaseController.php(127): require('/home/qa/PhpToo...')
#8 /home/qa/PhpTools/httpd-2.2.19-bin/htdocs/yii-1.1.10.r3566/framework/web/CBaseController.php(96): CBaseController->renderInternal('/home/qa/PhpToo...', Array, true)
#9 /home/qa/PhpTools/httpd-2.2.19-bin/htdocs/yii-1.1.10.r3566/framework/web/CController.php(870): CBaseController->renderFile('/home/qa/PhpToo...', Array, true)
#10 /home/qa/PhpTools/httpd-2.2.19-bin/htdocs/yii-1.1.10.r3566/framework/web/CController.php(783): CController->renderPartial('view', Array, true)
#11 /home/qa/PhpTools/httpd-2.2.19-bin/htdocs/yiiblog/protected/controllers/PostController.php(55): CController->render('view', Array)
#12 /home/qa/PhpTools/httpd-2.2.19-bin/htdocs/yii-1.1.10.r3566/framework/web/actions/CInlineAction.php(50): PostController->actionView()
#13 /home/qa/PhpTools/httpd-2.2.19-bin/htdocs/yii-1.1.10.r3566/framework/web/CController.php(309): CInlineAction->runWithParams(Array)
#14 /home/qa/PhpTools/httpd-2.2.19-bin/htdocs/yii-1.1.10.r3566/framework/web/filters/CFilterChain.php(134): CController->runAction(Object(CInlineAction))
#15 /home/qa/PhpTools/httpd-2.2.19-bin/htdocs/yii-1.1.10.r3566/framework/web/filters/CFilter.php(41): CFilterChain->run()
#16 /home/qa/PhpTools/httpd-2.2.19-bin/htdocs/yii-1.1.10.r3566/framework/web/CController.php(1146): CFilter->filter(Object(CFilterChain))
#17 /home/qa/PhpTools/httpd-2.2.19-bin/htdocs/yii-1.1.10.r3566/framework/web/filters/CInlineFilter.php(59): CController->filterAccessControl(Object(CFilterChain))
#18 /home/qa/PhpTools/httpd-2.2.19-bin/htdocs/yii-1.1.10.r3566/framework/web/filters/CFilterChain.php(131): CInlineFilter->filter(Object(CFilterChain))
#19 /home/qa/PhpTools/httpd-2.2.19-bin/htdocs/yii-1.1.10.r3566/framework/web/CController.php(292): CFilterChain->run()
#20 /home/qa/PhpTools/httpd-2.2.19-bin/htdocs/yii-1.1.10.r3566/framework/web/CController.php(266): CController->runActionWithFilters(Object(CInlineAction), Array)
#21 /home/qa/PhpTools/httpd-2.2.19-bin/htdocs/yii-1.1.10.r3566/framework/web/CWebApplication.php(276): CController->run('view')
#22 /home/qa/PhpTools/httpd-2.2.19-bin/htdocs/yii-1.1.10.r3566/framework/web/CWebApplication.php(135): CWebApplication->runController('post/view')
#23 /home/qa/PhpTools/httpd-2.2.19-bin/htdocs/yii-1.1.10.r3566/framework/base/CApplication.php(162): CWebApplication->processRequest()
#24 /home/qa/PhpTools/httpd-2.2.19-bin/htdocs/yiiblog/index.php(13): CApplication->run()
#25 {main}
REQUEST_URI=/yiiblog/index.php?r=post/view&id=1&title=Welcome%21
HTTP_REFERER=http://localhost:8980/yiiblog/index.php?r=post/view&id=1&title=Welcome%21
---
2012/04/24 05:47:39 [error] [exception.CException] exception 'CException' with message 'Property "Comment.authorLink" is not defined.' in /home/qa/PhpTools/httpd-2.2.19-bin/htdocs/yii-1.1.10.r3566/framework/base/CComponent.php:131
Stack trace:
#0 /home/qa/PhpTools/httpd-2.2.19-bin/htdocs/yii-1.1.10.r3566/framework/db/ar/CActiveRecord.php(144): CComponent->__get('authorLink')
#1 /home/qa/PhpTools/httpd-2.2.19-bin/htdocs/yiiblog/protected/views/post/_comments.php(11): CActiveRecord->__get('authorLink')
#2 /home/qa/PhpTools/httpd-2.2.19-bin/htdocs/yii-1.1.10.r3566/framework/web/CBaseController.php(127): require('/home/qa/PhpToo...')
#3 /home/qa/PhpTools/httpd-2.2.19-bin/htdocs/yii-1.1.10.r3566/framework/web/CBaseController.php(96): CBaseController->renderInternal('/home/qa/PhpToo...', Array, true)
#4 /home/qa/PhpTools/httpd-2.2.19-bin/htdocs/yii-1.1.10.r3566/framework/web/CController.php(870): CBaseController->renderFile('/home/qa/PhpToo...', Array, true)
#5 /home/qa/PhpTools/httpd-2.2.19-bin/htdocs/yiiblog/protected/views/post/view.php(30): CController->renderPartial('_comments', Array)
#6 /home/qa/PhpTools/httpd-2.2.19-bin/htdocs/yii-1.1.10.r3566/framework/web/CBaseController.php(127): require('/home/qa/PhpToo...')
#7 /home/qa/PhpTools/httpd-2.2.19-bin/htdocs/yii-1.1.10.r3566/framework/web/CBaseController.php(96): CBaseController->renderInternal('/home/qa/PhpToo...', Array, true)
#8 /home/qa/PhpTools/httpd-2.2.19-bin/htdocs/yii-1.1.10.r3566/framework/web/CController.php(870): CBaseController->renderFile('/home/qa/PhpToo...', Array, true)
#9 /home/qa/PhpTools/httpd-2.2.19-bin/htdocs/yii-1.1.10.r3566/framework/web/CController.php(783): CController->renderPartial('view', Array, true)
#10 /home/qa/PhpTools/httpd-2.2.19-bin/htdocs/yiiblog/protected/controllers/PostController.php(55): CController->render('view', Array)
#11 /home/qa/PhpTools/httpd-2.2.19-bin/htdocs/yii-1.1.10.r3566/framework/web/actions/CInlineAction.php(50): PostController->actionView()
#12 /home/qa/PhpTools/httpd-2.2.19-bin/htdocs/yii-1.1.10.r3566/framework/web/CController.php(309): CInlineAction->runWithParams(Array)
#13 /home/qa/PhpTools/httpd-2.2.19-bin/htdocs/yii-1.1.10.r3566/framework/web/filters/CFilterChain.php(134): CController->runAction(Object(CInlineAction))
#14 /home/qa/PhpTools/httpd-2.2.19-bin/htdocs/yii-1.1.10.r3566/framework/web/filters/CFilter.php(41): CFilterChain->run()
#15 /home/qa/PhpTools/httpd-2.2.19-bin/htdocs/yii-1.1.10.r3566/framework/web/CController.php(1146): CFilter->filter(Object(CFilterChain))
#16 /home/qa/PhpTools/httpd-2.2.19-bin/htdocs/yii-1.1.10.r3566/framework/web/filters/CInlineFilter.php(59): CController->filterAccessControl(Object(CFilterChain))
#17 /home/qa/PhpTools/httpd-2.2.19-bin/htdocs/yii-1.1.10.r3566/framework/web/filters/CFilterChain.php(131): CInlineFilter->filter(Object(CFilterChain))
#18 /home/qa/PhpTools/httpd-2.2.19-bin/htdocs/yii-1.1.10.r3566/framework/web/CController.php(292): CFilterChain->run()
#19 /home/qa/PhpTools/httpd-2.2.19-bin/htdocs/yii-1.1.10.r3566/framework/web/CController.php(266): CController->runActionWithFilters(Object(CInlineAction), Array)
#20 /home/qa/PhpTools/httpd-2.2.19-bin/htdocs/yii-1.1.10.r3566/framework/web/CWebApplication.php(276): CController->run('view')
#21 /home/qa/PhpTools/httpd-2.2.19-bin/htdocs/yii-1.1.10.r3566/framework/web/CWebApplication.php(135): CWebApplication->runController('post/view')
#22 /home/qa/PhpTools/httpd-2.2.19-bin/htdocs/yii-1.1.10.r3566/framework/base/CApplication.php(162): CWebApplication->processRequest()
#23 /home/qa/PhpTools/httpd-2.2.19-bin/htdocs/yiiblog/index.php(13): CApplication->run()
#24 {main}
REQUEST_URI=/yiiblog/index.php?r=post/view&id=1&title=Welcome%21
HTTP_REFERER=http://localhost:8980/yiiblog/index.php?r=post/view&id=1&title=Welcome%21
---
2012/04/24 06:36:32 [error] [php] include(CButtomColumn.php) [<a href='function.include'>function.include</a>]: failed to open stream: No such file or directory (/home/qa/PhpTools/httpd-2.2.19-bin/htdocs/yii-1.1.10.r3566/framework/YiiBase.php:418)
Stack trace:
#0 /home/qa/PhpTools/httpd-2.2.19-bin/htdocs/yii-1.1.10.r3566/framework/YiiBase.php(198): import()
#1 /home/qa/PhpTools/httpd-2.2.19-bin/htdocs/yii-1.1.10.r3566/framework/zii/widgets/grid/CGridView.php(313): createComponent()
#2 /home/qa/PhpTools/httpd-2.2.19-bin/htdocs/yii-1.1.10.r3566/framework/zii/widgets/grid/CGridView.php(284): CGridView->initColumns()
#3 /home/qa/PhpTools/httpd-2.2.19-bin/htdocs/yii-1.1.10.r3566/framework/web/CBaseController.php(148): CGridView->init()
#4 /home/qa/PhpTools/httpd-2.2.19-bin/htdocs/yii-1.1.10.r3566/framework/web/CBaseController.php(173): PostController->createWidget()
#5 /home/qa/PhpTools/httpd-2.2.19-bin/htdocs/yiiblog/protected/views/post/admin.php(63): PostController->widget()
#6 /home/qa/PhpTools/httpd-2.2.19-bin/htdocs/yii-1.1.10.r3566/framework/web/CBaseController.php(127): require()
#7 /home/qa/PhpTools/httpd-2.2.19-bin/htdocs/yii-1.1.10.r3566/framework/web/CBaseController.php(96): PostController->renderInternal()
#8 /home/qa/PhpTools/httpd-2.2.19-bin/htdocs/yii-1.1.10.r3566/framework/web/CController.php(870): PostController->renderFile()
#9 /home/qa/PhpTools/httpd-2.2.19-bin/htdocs/yii-1.1.10.r3566/framework/web/CController.php(783): PostController->renderPartial()
#10 /home/qa/PhpTools/httpd-2.2.19-bin/htdocs/yiiblog/protected/controllers/PostController.php(164): PostController->render()
#11 /home/qa/PhpTools/httpd-2.2.19-bin/htdocs/yii-1.1.10.r3566/framework/web/actions/CInlineAction.php(50): PostController->actionAdmin()
#12 /home/qa/PhpTools/httpd-2.2.19-bin/htdocs/yii-1.1.10.r3566/framework/web/CController.php(309): CInlineAction->runWithParams()
#13 /home/qa/PhpTools/httpd-2.2.19-bin/htdocs/yii-1.1.10.r3566/framework/web/filters/CFilterChain.php(134): PostController->runAction()
#14 /home/qa/PhpTools/httpd-2.2.19-bin/htdocs/yii-1.1.10.r3566/framework/web/filters/CFilter.php(41): CFilterChain->run()
#15 /home/qa/PhpTools/httpd-2.2.19-bin/htdocs/yii-1.1.10.r3566/framework/web/CController.php(1146): CAccessControlFilter->filter()
#16 /home/qa/PhpTools/httpd-2.2.19-bin/htdocs/yii-1.1.10.r3566/framework/web/filters/CInlineFilter.php(59): PostController->filterAccessControl()
#17 /home/qa/PhpTools/httpd-2.2.19-bin/htdocs/yii-1.1.10.r3566/framework/web/filters/CFilterChain.php(131): CInlineFilter->filter()
#18 /home/qa/PhpTools/httpd-2.2.19-bin/htdocs/yii-1.1.10.r3566/framework/web/CController.php(292): CFilterChain->run()
#19 /home/qa/PhpTools/httpd-2.2.19-bin/htdocs/yii-1.1.10.r3566/framework/web/CController.php(266): PostController->runActionWithFilters()
#20 /home/qa/PhpTools/httpd-2.2.19-bin/htdocs/yii-1.1.10.r3566/framework/web/CWebApplication.php(276): PostController->run()
#21 /home/qa/PhpTools/httpd-2.2.19-bin/htdocs/yii-1.1.10.r3566/framework/web/CWebApplication.php(135): CWebApplication->runController()
#22 /home/qa/PhpTools/httpd-2.2.19-bin/htdocs/yii-1.1.10.r3566/framework/base/CApplication.php(162): CWebApplication->processRequest()
#23 /home/qa/PhpTools/httpd-2.2.19-bin/htdocs/yiiblog/index.php(13): CWebApplication->run()
REQUEST_URI=/yiiblog/index.php?r=post/admin
in /home/qa/PhpTools/httpd-2.2.19-bin/htdocs/yiiblog/protected/views/post/admin.php (63)
in /home/qa/PhpTools/httpd-2.2.19-bin/htdocs/yiiblog/protected/controllers/PostController.php (164)
in /home/qa/PhpTools/httpd-2.2.19-bin/htdocs/yiiblog/index.php (13)
2012/04/24 06:37:56 [error] [php] include(CButtomColumn.php) [<a href='function.include'>function.include</a>]: failed to open stream: No such file or directory (/home/qa/PhpTools/httpd-2.2.19-bin/htdocs/yii-1.1.10.r3566/framework/YiiBase.php:418)
Stack trace:
#0 /home/qa/PhpTools/httpd-2.2.19-bin/htdocs/yii-1.1.10.r3566/framework/YiiBase.php(198): import()
#1 /home/qa/PhpTools/httpd-2.2.19-bin/htdocs/yii-1.1.10.r3566/framework/zii/widgets/grid/CGridView.php(313): createComponent()
#2 /home/qa/PhpTools/httpd-2.2.19-bin/htdocs/yii-1.1.10.r3566/framework/zii/widgets/grid/CGridView.php(284): CGridView->initColumns()
#3 /home/qa/PhpTools/httpd-2.2.19-bin/htdocs/yii-1.1.10.r3566/framework/web/CBaseController.php(148): CGridView->init()
#4 /home/qa/PhpTools/httpd-2.2.19-bin/htdocs/yii-1.1.10.r3566/framework/web/CBaseController.php(173): PostController->createWidget()
#5 /home/qa/PhpTools/httpd-2.2.19-bin/htdocs/yiiblog/protected/views/post/admin.php(63): PostController->widget()
#6 /home/qa/PhpTools/httpd-2.2.19-bin/htdocs/yii-1.1.10.r3566/framework/web/CBaseController.php(127): require()
#7 /home/qa/PhpTools/httpd-2.2.19-bin/htdocs/yii-1.1.10.r3566/framework/web/CBaseController.php(96): PostController->renderInternal()
#8 /home/qa/PhpTools/httpd-2.2.19-bin/htdocs/yii-1.1.10.r3566/framework/web/CController.php(870): PostController->renderFile()
#9 /home/qa/PhpTools/httpd-2.2.19-bin/htdocs/yii-1.1.10.r3566/framework/web/CController.php(783): PostController->renderPartial()
#10 /home/qa/PhpTools/httpd-2.2.19-bin/htdocs/yiiblog/protected/controllers/PostController.php(164): PostController->render()
#11 /home/qa/PhpTools/httpd-2.2.19-bin/htdocs/yii-1.1.10.r3566/framework/web/actions/CInlineAction.php(50): PostController->actionAdmin()
#12 /home/qa/PhpTools/httpd-2.2.19-bin/htdocs/yii-1.1.10.r3566/framework/web/CController.php(309): CInlineAction->runWithParams()
#13 /home/qa/PhpTools/httpd-2.2.19-bin/htdocs/yii-1.1.10.r3566/framework/web/filters/CFilterChain.php(134): PostController->runAction()
#14 /home/qa/PhpTools/httpd-2.2.19-bin/htdocs/yii-1.1.10.r3566/framework/web/filters/CFilter.php(41): CFilterChain->run()
#15 /home/qa/PhpTools/httpd-2.2.19-bin/htdocs/yii-1.1.10.r3566/framework/web/CController.php(1146): CAccessControlFilter->filter()
#16 /home/qa/PhpTools/httpd-2.2.19-bin/htdocs/yii-1.1.10.r3566/framework/web/filters/CInlineFilter.php(59): PostController->filterAccessControl()
#17 /home/qa/PhpTools/httpd-2.2.19-bin/htdocs/yii-1.1.10.r3566/framework/web/filters/CFilterChain.php(131): CInlineFilter->filter()
#18 /home/qa/PhpTools/httpd-2.2.19-bin/htdocs/yii-1.1.10.r3566/framework/web/CController.php(292): CFilterChain->run()
#19 /home/qa/PhpTools/httpd-2.2.19-bin/htdocs/yii-1.1.10.r3566/framework/web/CController.php(266): PostController->runActionWithFilters()
#20 /home/qa/PhpTools/httpd-2.2.19-bin/htdocs/yii-1.1.10.r3566/framework/web/CWebApplication.php(276): PostController->run()
#21 /home/qa/PhpTools/httpd-2.2.19-bin/htdocs/yii-1.1.10.r3566/framework/web/CWebApplication.php(135): CWebApplication->runController()
#22 /home/qa/PhpTools/httpd-2.2.19-bin/htdocs/yii-1.1.10.r3566/framework/base/CApplication.php(162): CWebApplication->processRequest()
#23 /home/qa/PhpTools/httpd-2.2.19-bin/htdocs/yiiblog/index.php(13): CWebApplication->run()
REQUEST_URI=/yiiblog/index.php?r=post/admin
in /home/qa/PhpTools/httpd-2.2.19-bin/htdocs/yiiblog/protected/views/post/admin.php (63)
in /home/qa/PhpTools/httpd-2.2.19-bin/htdocs/yiiblog/protected/controllers/PostController.php (164)
in /home/qa/PhpTools/httpd-2.2.19-bin/htdocs/yiiblog/index.php (13)
2012/04/24 06:40:47 [error] [php] include(CButtomColumn.php) [<a href='function.include'>function.include</a>]: failed to open stream: No such file or directory (/home/qa/PhpTools/httpd-2.2.19-bin/htdocs/yii-1.1.10.r3566/framework/YiiBase.php:418)
Stack trace:
#0 /home/qa/PhpTools/httpd-2.2.19-bin/htdocs/yii-1.1.10.r3566/framework/YiiBase.php(198): import()
#1 /home/qa/PhpTools/httpd-2.2.19-bin/htdocs/yii-1.1.10.r3566/framework/zii/widgets/grid/CGridView.php(313): createComponent()
#2 /home/qa/PhpTools/httpd-2.2.19-bin/htdocs/yii-1.1.10.r3566/framework/zii/widgets/grid/CGridView.php(284): CGridView->initColumns()
#3 /home/qa/PhpTools/httpd-2.2.19-bin/htdocs/yii-1.1.10.r3566/framework/web/CBaseController.php(148): CGridView->init()
#4 /home/qa/PhpTools/httpd-2.2.19-bin/htdocs/yii-1.1.10.r3566/framework/web/CBaseController.php(173): PostController->createWidget()
#5 /home/qa/PhpTools/httpd-2.2.19-bin/htdocs/yiiblog/protected/views/post/admin.php(63): PostController->widget()
#6 /home/qa/PhpTools/httpd-2.2.19-bin/htdocs/yii-1.1.10.r3566/framework/web/CBaseController.php(127): require()
#7 /home/qa/PhpTools/httpd-2.2.19-bin/htdocs/yii-1.1.10.r3566/framework/web/CBaseController.php(96): PostController->renderInternal()
#8 /home/qa/PhpTools/httpd-2.2.19-bin/htdocs/yii-1.1.10.r3566/framework/web/CController.php(870): PostController->renderFile()
#9 /home/qa/PhpTools/httpd-2.2.19-bin/htdocs/yii-1.1.10.r3566/framework/web/CController.php(783): PostController->renderPartial()
#10 /home/qa/PhpTools/httpd-2.2.19-bin/htdocs/yiiblog/protected/controllers/PostController.php(164): PostController->render()
#11 /home/qa/PhpTools/httpd-2.2.19-bin/htdocs/yii-1.1.10.r3566/framework/web/actions/CInlineAction.php(50): PostController->actionAdmin()
#12 /home/qa/PhpTools/httpd-2.2.19-bin/htdocs/yii-1.1.10.r3566/framework/web/CController.php(309): CInlineAction->runWithParams()
#13 /home/qa/PhpTools/httpd-2.2.19-bin/htdocs/yii-1.1.10.r3566/framework/web/filters/CFilterChain.php(134): PostController->runAction()
#14 /home/qa/PhpTools/httpd-2.2.19-bin/htdocs/yii-1.1.10.r3566/framework/web/filters/CFilter.php(41): CFilterChain->run()
#15 /home/qa/PhpTools/httpd-2.2.19-bin/htdocs/yii-1.1.10.r3566/framework/web/CController.php(1146): CAccessControlFilter->filter()
#16 /home/qa/PhpTools/httpd-2.2.19-bin/htdocs/yii-1.1.10.r3566/framework/web/filters/CInlineFilter.php(59): PostController->filterAccessControl()
#17 /home/qa/PhpTools/httpd-2.2.19-bin/htdocs/yii-1.1.10.r3566/framework/web/filters/CFilterChain.php(131): CInlineFilter->filter()
#18 /home/qa/PhpTools/httpd-2.2.19-bin/htdocs/yii-1.1.10.r3566/framework/web/CController.php(292): CFilterChain->run()
#19 /home/qa/PhpTools/httpd-2.2.19-bin/htdocs/yii-1.1.10.r3566/framework/web/CController.php(266): PostController->runActionWithFilters()
#20 /home/qa/PhpTools/httpd-2.2.19-bin/htdocs/yii-1.1.10.r3566/framework/web/CWebApplication.php(276): PostController->run()
#21 /home/qa/PhpTools/httpd-2.2.19-bin/htdocs/yii-1.1.10.r3566/framework/web/CWebApplication.php(135): CWebApplication->runController()
#22 /home/qa/PhpTools/httpd-2.2.19-bin/htdocs/yii-1.1.10.r3566/framework/base/CApplication.php(162): CWebApplication->processRequest()
#23 /home/qa/PhpTools/httpd-2.2.19-bin/htdocs/yiiblog/index.php(13): CWebApplication->run()
REQUEST_URI=/yiiblog/index.php?r=post/admin
in /home/qa/PhpTools/httpd-2.2.19-bin/htdocs/yiiblog/protected/views/post/admin.php (63)
in /home/qa/PhpTools/httpd-2.2.19-bin/htdocs/yiiblog/protected/controllers/PostController.php (164)
in /home/qa/PhpTools/httpd-2.2.19-bin/htdocs/yiiblog/index.php (13)
2012/04/24 06:40:49 [error] [php] include(CButtomColumn.php) [<a href='function.include'>function.include</a>]: failed to open stream: No such file or directory (/home/qa/PhpTools/httpd-2.2.19-bin/htdocs/yii-1.1.10.r3566/framework/YiiBase.php:418)
Stack trace:
#0 /home/qa/PhpTools/httpd-2.2.19-bin/htdocs/yii-1.1.10.r3566/framework/YiiBase.php(198): import()
#1 /home/qa/PhpTools/httpd-2.2.19-bin/htdocs/yii-1.1.10.r3566/framework/zii/widgets/grid/CGridView.php(313): createComponent()
#2 /home/qa/PhpTools/httpd-2.2.19-bin/htdocs/yii-1.1.10.r3566/framework/zii/widgets/grid/CGridView.php(284): CGridView->initColumns()
#3 /home/qa/PhpTools/httpd-2.2.19-bin/htdocs/yii-1.1.10.r3566/framework/web/CBaseController.php(148): CGridView->init()
#4 /home/qa/PhpTools/httpd-2.2.19-bin/htdocs/yii-1.1.10.r3566/framework/web/CBaseController.php(173): PostController->createWidget()
#5 /home/qa/PhpTools/httpd-2.2.19-bin/htdocs/yiiblog/protected/views/post/admin.php(63): PostController->widget()
#6 /home/qa/PhpTools/httpd-2.2.19-bin/htdocs/yii-1.1.10.r3566/framework/web/CBaseController.php(127): require()
#7 /home/qa/PhpTools/httpd-2.2.19-bin/htdocs/yii-1.1.10.r3566/framework/web/CBaseController.php(96): PostController->renderInternal()
#8 /home/qa/PhpTools/httpd-2.2.19-bin/htdocs/yii-1.1.10.r3566/framework/web/CController.php(870): PostController->renderFile()
#9 /home/qa/PhpTools/httpd-2.2.19-bin/htdocs/yii-1.1.10.r3566/framework/web/CController.php(783): PostController->renderPartial()
#10 /home/qa/PhpTools/httpd-2.2.19-bin/htdocs/yiiblog/protected/controllers/PostController.php(164): PostController->render()
#11 /home/qa/PhpTools/httpd-2.2.19-bin/htdocs/yii-1.1.10.r3566/framework/web/actions/CInlineAction.php(50): PostController->actionAdmin()
#12 /home/qa/PhpTools/httpd-2.2.19-bin/htdocs/yii-1.1.10.r3566/framework/web/CController.php(309): CInlineAction->runWithParams()
#13 /home/qa/PhpTools/httpd-2.2.19-bin/htdocs/yii-1.1.10.r3566/framework/web/filters/CFilterChain.php(134): PostController->runAction()
#14 /home/qa/PhpTools/httpd-2.2.19-bin/htdocs/yii-1.1.10.r3566/framework/web/filters/CFilter.php(41): CFilterChain->run()
#15 /home/qa/PhpTools/httpd-2.2.19-bin/htdocs/yii-1.1.10.r3566/framework/web/CController.php(1146): CAccessControlFilter->filter()
#16 /home/qa/PhpTools/httpd-2.2.19-bin/htdocs/yii-1.1.10.r3566/framework/web/filters/CInlineFilter.php(59): PostController->filterAccessControl()
#17 /home/qa/PhpTools/httpd-2.2.19-bin/htdocs/yii-1.1.10.r3566/framework/web/filters/CFilterChain.php(131): CInlineFilter->filter()
#18 /home/qa/PhpTools/httpd-2.2.19-bin/htdocs/yii-1.1.10.r3566/framework/web/CController.php(292): CFilterChain->run()
#19 /home/qa/PhpTools/httpd-2.2.19-bin/htdocs/yii-1.1.10.r3566/framework/web/CController.php(266): PostController->runActionWithFilters()
#20 /home/qa/PhpTools/httpd-2.2.19-bin/htdocs/yii-1.1.10.r3566/framework/web/CWebApplication.php(276): PostController->run()
#21 /home/qa/PhpTools/httpd-2.2.19-bin/htdocs/yii-1.1.10.r3566/framework/web/CWebApplication.php(135): CWebApplication->runController()
#22 /home/qa/PhpTools/httpd-2.2.19-bin/htdocs/yii-1.1.10.r3566/framework/base/CApplication.php(162): CWebApplication->processRequest()
#23 /home/qa/PhpTools/httpd-2.2.19-bin/htdocs/yiiblog/index.php(13): CWebApplication->run()
REQUEST_URI=/yiiblog/index.php?r=post/admin
in /home/qa/PhpTools/httpd-2.2.19-bin/htdocs/yiiblog/protected/views/post/admin.php (63)
in /home/qa/PhpTools/httpd-2.2.19-bin/htdocs/yiiblog/protected/controllers/PostController.php (164)
in /home/qa/PhpTools/httpd-2.2.19-bin/htdocs/yiiblog/index.php (13)
2012/04/24 06:48:33 [error] [php] include(CButtomColumn.php) [<a href='function.include'>function.include</a>]: failed to open stream: No such file or directory (/home/qa/PhpTools/httpd-2.2.19-bin/htdocs/yii-1.1.10.r3566/framework/YiiBase.php:418)
Stack trace:
#0 /home/qa/PhpTools/httpd-2.2.19-bin/htdocs/yii-1.1.10.r3566/framework/YiiBase.php(198): import()
#1 /home/qa/PhpTools/httpd-2.2.19-bin/htdocs/yii-1.1.10.r3566/framework/zii/widgets/grid/CGridView.php(313): createComponent()
#2 /home/qa/PhpTools/httpd-2.2.19-bin/htdocs/yii-1.1.10.r3566/framework/zii/widgets/grid/CGridView.php(284): CGridView->initColumns()
#3 /home/qa/PhpTools/httpd-2.2.19-bin/htdocs/yii-1.1.10.r3566/framework/web/CBaseController.php(148): CGridView->init()
#4 /home/qa/PhpTools/httpd-2.2.19-bin/htdocs/yii-1.1.10.r3566/framework/web/CBaseController.php(173): PostController->createWidget()
#5 /home/qa/PhpTools/httpd-2.2.19-bin/htdocs/yiiblog/protected/views/post/admin.php(63): PostController->widget()
#6 /home/qa/PhpTools/httpd-2.2.19-bin/htdocs/yii-1.1.10.r3566/framework/web/CBaseController.php(127): require()
#7 /home/qa/PhpTools/httpd-2.2.19-bin/htdocs/yii-1.1.10.r3566/framework/web/CBaseController.php(96): PostController->renderInternal()
#8 /home/qa/PhpTools/httpd-2.2.19-bin/htdocs/yii-1.1.10.r3566/framework/web/CController.php(870): PostController->renderFile()
#9 /home/qa/PhpTools/httpd-2.2.19-bin/htdocs/yii-1.1.10.r3566/framework/web/CController.php(783): PostController->renderPartial()
#10 /home/qa/PhpTools/httpd-2.2.19-bin/htdocs/yiiblog/protected/controllers/PostController.php(164): PostController->render()
#11 /home/qa/PhpTools/httpd-2.2.19-bin/htdocs/yii-1.1.10.r3566/framework/web/actions/CInlineAction.php(50): PostController->actionAdmin()
#12 /home/qa/PhpTools/httpd-2.2.19-bin/htdocs/yii-1.1.10.r3566/framework/web/CController.php(309): CInlineAction->runWithParams()
#13 /home/qa/PhpTools/httpd-2.2.19-bin/htdocs/yii-1.1.10.r3566/framework/web/filters/CFilterChain.php(134): PostController->runAction()
#14 /home/qa/PhpTools/httpd-2.2.19-bin/htdocs/yii-1.1.10.r3566/framework/web/filters/CFilter.php(41): CFilterChain->run()
#15 /home/qa/PhpTools/httpd-2.2.19-bin/htdocs/yii-1.1.10.r3566/framework/web/CController.php(1146): CAccessControlFilter->filter()
#16 /home/qa/PhpTools/httpd-2.2.19-bin/htdocs/yii-1.1.10.r3566/framework/web/filters/CInlineFilter.php(59): PostController->filterAccessControl()
#17 /home/qa/PhpTools/httpd-2.2.19-bin/htdocs/yii-1.1.10.r3566/framework/web/filters/CFilterChain.php(131): CInlineFilter->filter()
#18 /home/qa/PhpTools/httpd-2.2.19-bin/htdocs/yii-1.1.10.r3566/framework/web/CController.php(292): CFilterChain->run()
#19 /home/qa/PhpTools/httpd-2.2.19-bin/htdocs/yii-1.1.10.r3566/framework/web/CController.php(266): PostController->runActionWithFilters()
#20 /home/qa/PhpTools/httpd-2.2.19-bin/htdocs/yii-1.1.10.r3566/framework/web/CWebApplication.php(276): PostController->run()
#21 /home/qa/PhpTools/httpd-2.2.19-bin/htdocs/yii-1.1.10.r3566/framework/web/CWebApplication.php(135): CWebApplication->runController()
#22 /home/qa/PhpTools/httpd-2.2.19-bin/htdocs/yii-1.1.10.r3566/framework/base/CApplication.php(162): CWebApplication->processRequest()
#23 /home/qa/PhpTools/httpd-2.2.19-bin/htdocs/yiiblog/index.php(13): CWebApplication->run()
REQUEST_URI=/yiiblog/index.php?r=post/admin
in /home/qa/PhpTools/httpd-2.2.19-bin/htdocs/yiiblog/protected/views/post/admin.php (63)
in /home/qa/PhpTools/httpd-2.2.19-bin/htdocs/yiiblog/protected/controllers/PostController.php (164)
in /home/qa/PhpTools/httpd-2.2.19-bin/htdocs/yiiblog/index.php (13)
2012/04/24 06:49:50 [error] [php] include(CButtomColumn.php) [<a href='function.include'>function.include</a>]: failed to open stream: No such file or directory (/home/qa/PhpTools/httpd-2.2.19-bin/htdocs/yii-1.1.10.r3566/framework/YiiBase.php:418)
Stack trace:
#0 /home/qa/PhpTools/httpd-2.2.19-bin/htdocs/yii-1.1.10.r3566/framework/YiiBase.php(198): import()
#1 /home/qa/PhpTools/httpd-2.2.19-bin/htdocs/yii-1.1.10.r3566/framework/zii/widgets/grid/CGridView.php(313): createComponent()
#2 /home/qa/PhpTools/httpd-2.2.19-bin/htdocs/yii-1.1.10.r3566/framework/zii/widgets/grid/CGridView.php(284): CGridView->initColumns()
#3 /home/qa/PhpTools/httpd-2.2.19-bin/htdocs/yii-1.1.10.r3566/framework/web/CBaseController.php(148): CGridView->init()
#4 /home/qa/PhpTools/httpd-2.2.19-bin/htdocs/yii-1.1.10.r3566/framework/web/CBaseController.php(173): PostController->createWidget()
#5 /home/qa/PhpTools/httpd-2.2.19-bin/htdocs/yiiblog/protected/views/post/admin.php(63): PostController->widget()
#6 /home/qa/PhpTools/httpd-2.2.19-bin/htdocs/yii-1.1.10.r3566/framework/web/CBaseController.php(127): require()
#7 /home/qa/PhpTools/httpd-2.2.19-bin/htdocs/yii-1.1.10.r3566/framework/web/CBaseController.php(96): PostController->renderInternal()
#8 /home/qa/PhpTools/httpd-2.2.19-bin/htdocs/yii-1.1.10.r3566/framework/web/CController.php(870): PostController->renderFile()
#9 /home/qa/PhpTools/httpd-2.2.19-bin/htdocs/yii-1.1.10.r3566/framework/web/CController.php(783): PostController->renderPartial()
#10 /home/qa/PhpTools/httpd-2.2.19-bin/htdocs/yiiblog/protected/controllers/PostController.php(164): PostController->render()
#11 /home/qa/PhpTools/httpd-2.2.19-bin/htdocs/yii-1.1.10.r3566/framework/web/actions/CInlineAction.php(50): PostController->actionAdmin()
#12 /home/qa/PhpTools/httpd-2.2.19-bin/htdocs/yii-1.1.10.r3566/framework/web/CController.php(309): CInlineAction->runWithParams()
#13 /home/qa/PhpTools/httpd-2.2.19-bin/htdocs/yii-1.1.10.r3566/framework/web/filters/CFilterChain.php(134): PostController->runAction()
#14 /home/qa/PhpTools/httpd-2.2.19-bin/htdocs/yii-1.1.10.r3566/framework/web/filters/CFilter.php(41): CFilterChain->run()
#15 /home/qa/PhpTools/httpd-2.2.19-bin/htdocs/yii-1.1.10.r3566/framework/web/CController.php(1146): CAccessControlFilter->filter()
#16 /home/qa/PhpTools/httpd-2.2.19-bin/htdocs/yii-1.1.10.r3566/framework/web/filters/CInlineFilter.php(59): PostController->filterAccessControl()
#17 /home/qa/PhpTools/httpd-2.2.19-bin/htdocs/yii-1.1.10.r3566/framework/web/filters/CFilterChain.php(131): CInlineFilter->filter()
#18 /home/qa/PhpTools/httpd-2.2.19-bin/htdocs/yii-1.1.10.r3566/framework/web/CController.php(292): CFilterChain->run()
#19 /home/qa/PhpTools/httpd-2.2.19-bin/htdocs/yii-1.1.10.r3566/framework/web/CController.php(266): PostController->runActionWithFilters()
#20 /home/qa/PhpTools/httpd-2.2.19-bin/htdocs/yii-1.1.10.r3566/framework/web/CWebApplication.php(276): PostController->run()
#21 /home/qa/PhpTools/httpd-2.2.19-bin/htdocs/yii-1.1.10.r3566/framework/web/CWebApplication.php(135): CWebApplication->runController()
#22 /home/qa/PhpTools/httpd-2.2.19-bin/htdocs/yii-1.1.10.r3566/framework/base/CApplication.php(162): CWebApplication->processRequest()
#23 /home/qa/PhpTools/httpd-2.2.19-bin/htdocs/yiiblog/index.php(13): CWebApplication->run()
REQUEST_URI=/yiiblog/index.php?r=post/admin
in /home/qa/PhpTools/httpd-2.2.19-bin/htdocs/yiiblog/protected/views/post/admin.php (63)
in /home/qa/PhpTools/httpd-2.2.19-bin/htdocs/yiiblog/protected/controllers/PostController.php (164)
in /home/qa/PhpTools/httpd-2.2.19-bin/htdocs/yiiblog/index.php (13)
2012/04/24 06:50:09 [error] [exception.CDbException] exception 'CDbException' with message 'Relation "CommentCount" is not defined in active record class "Post".' in /home/qa/PhpTools/httpd-2.2.19-bin/htdocs/yii-1.1.10.r3566/framework/db/ar/CActiveFinder.php:215
Stack trace:
#0 /home/qa/PhpTools/httpd-2.2.19-bin/htdocs/yii-1.1.10.r3566/framework/db/ar/CActiveFinder.php(49): CActiveFinder->buildJoinTree(Object(CJoinElement), 'CommentCount')
#1 /home/qa/PhpTools/httpd-2.2.19-bin/htdocs/yii-1.1.10.r3566/framework/db/ar/CActiveRecord.php(1539): CActiveFinder->__construct(Object(Post), 'CommentCount')
#2 /home/qa/PhpTools/httpd-2.2.19-bin/htdocs/yii-1.1.10.r3566/framework/web/CActiveDataProvider.php(179): CActiveRecord->count(Object(CDbCriteria))
#3 /home/qa/PhpTools/httpd-2.2.19-bin/htdocs/yii-1.1.10.r3566/framework/web/CDataProvider.php(193): CActiveDataProvider->calculateTotalItemCount()
#4 /home/qa/PhpTools/httpd-2.2.19-bin/htdocs/yii-1.1.10.r3566/framework/web/CActiveDataProvider.php(129): CDataProvider->getTotalItemCount()
#5 /home/qa/PhpTools/httpd-2.2.19-bin/htdocs/yii-1.1.10.r3566/framework/web/CDataProvider.php(137): CActiveDataProvider->fetchData()
#6 /home/qa/PhpTools/httpd-2.2.19-bin/htdocs/yii-1.1.10.r3566/framework/zii/widgets/CBaseListView.php(105): CDataProvider->getData()
#7 /home/qa/PhpTools/httpd-2.2.19-bin/htdocs/yii-1.1.10.r3566/framework/zii/widgets/CListView.php(173): CBaseListView->init()
#8 /home/qa/PhpTools/httpd-2.2.19-bin/htdocs/yii-1.1.10.r3566/framework/web/CBaseController.php(148): CListView->init()
#9 /home/qa/PhpTools/httpd-2.2.19-bin/htdocs/yii-1.1.10.r3566/framework/web/CBaseController.php(173): CBaseController->createWidget('zii.widgets.CLi...', Array)
#10 /home/qa/PhpTools/httpd-2.2.19-bin/htdocs/yiiblog/protected/views/post/index.php(22): CBaseController->widget('zii.widgets.CLi...', Array)
#11 /home/qa/PhpTools/httpd-2.2.19-bin/htdocs/yii-1.1.10.r3566/framework/web/CBaseController.php(127): require('/home/qa/PhpToo...')
#12 /home/qa/PhpTools/httpd-2.2.19-bin/htdocs/yii-1.1.10.r3566/framework/web/CBaseController.php(96): CBaseController->renderInternal('/home/qa/PhpToo...', Array, true)
#13 /home/qa/PhpTools/httpd-2.2.19-bin/htdocs/yii-1.1.10.r3566/framework/web/CController.php(870): CBaseController->renderFile('/home/qa/PhpToo...', Array, true)
#14 /home/qa/PhpTools/httpd-2.2.19-bin/htdocs/yii-1.1.10.r3566/framework/web/CController.php(783): CController->renderPartial('index', Array, true)
#15 /home/qa/PhpTools/httpd-2.2.19-bin/htdocs/yiiblog/protected/controllers/PostController.php(149): CController->render('index', Array)
#16 /home/qa/PhpTools/httpd-2.2.19-bin/htdocs/yii-1.1.10.r3566/framework/web/actions/CInlineAction.php(50): PostController->actionIndex()
#17 /home/qa/PhpTools/httpd-2.2.19-bin/htdocs/yii-1.1.10.r3566/framework/web/CController.php(309): CInlineAction->runWithParams(Array)
#18 /home/qa/PhpTools/httpd-2.2.19-bin/htdocs/yii-1.1.10.r3566/framework/web/filters/CFilterChain.php(134): CController->runAction(Object(CInlineAction))
#19 /home/qa/PhpTools/httpd-2.2.19-bin/htdocs/yii-1.1.10.r3566/framework/web/filters/CFilter.php(41): CFilterChain->run()
#20 /home/qa/PhpTools/httpd-2.2.19-bin/htdocs/yii-1.1.10.r3566/framework/web/CController.php(1146): CFilter->filter(Object(CFilterChain))
#21 /home/qa/PhpTools/httpd-2.2.19-bin/htdocs/yii-1.1.10.r3566/framework/web/filters/CInlineFilter.php(59): CController->filterAccessControl(Object(CFilterChain))
#22 /home/qa/PhpTools/httpd-2.2.19-bin/htdocs/yii-1.1.10.r3566/framework/web/filters/CFilterChain.php(131): CInlineFilter->filter(Object(CFilterChain))
#23 /home/qa/PhpTools/httpd-2.2.19-bin/htdocs/yii-1.1.10.r3566/framework/web/CController.php(292): CFilterChain->run()
#24 /home/qa/PhpTools/httpd-2.2.19-bin/htdocs/yii-1.1.10.r3566/framework/web/CController.php(266): CController->runActionWithFilters(Object(CInlineAction), Array)
#25 /home/qa/PhpTools/httpd-2.2.19-bin/htdocs/yii-1.1.10.r3566/framework/web/CWebApplication.php(276): CController->run('index')
#26 /home/qa/PhpTools/httpd-2.2.19-bin/htdocs/yii-1.1.10.r3566/framework/web/CWebApplication.php(135): CWebApplication->runController('post/index')
#27 /home/qa/PhpTools/httpd-2.2.19-bin/htdocs/yii-1.1.10.r3566/framework/base/CApplication.php(162): CWebApplication->processRequest()
#28 /home/qa/PhpTools/httpd-2.2.19-bin/htdocs/yiiblog/index.php(13): CApplication->run()
#29 {main}
REQUEST_URI=/yiiblog/index.php?r=post/index
HTTP_REFERER=http://localhost:8980/yiiblog/index.php?r=post/view&id=1&title=Welcome%21
---
2012/04/24 06:58:39 [error] [php] include(CButtomColumn.php) [<a href='function.include'>function.include</a>]: failed to open stream: No such file or directory (/home/qa/PhpTools/httpd-2.2.19-bin/htdocs/yii-1.1.10.r3566/framework/YiiBase.php:418)
Stack trace:
#0 /home/qa/PhpTools/httpd-2.2.19-bin/htdocs/yii-1.1.10.r3566/framework/YiiBase.php(198): import()
#1 /home/qa/PhpTools/httpd-2.2.19-bin/htdocs/yii-1.1.10.r3566/framework/zii/widgets/grid/CGridView.php(313): createComponent()
#2 /home/qa/PhpTools/httpd-2.2.19-bin/htdocs/yii-1.1.10.r3566/framework/zii/widgets/grid/CGridView.php(284): CGridView->initColumns()
#3 /home/qa/PhpTools/httpd-2.2.19-bin/htdocs/yii-1.1.10.r3566/framework/web/CBaseController.php(148): CGridView->init()
#4 /home/qa/PhpTools/httpd-2.2.19-bin/htdocs/yii-1.1.10.r3566/framework/web/CBaseController.php(173): PostController->createWidget()
#5 /home/qa/PhpTools/httpd-2.2.19-bin/htdocs/yiiblog/protected/views/post/admin.php(63): PostController->widget()
#6 /home/qa/PhpTools/httpd-2.2.19-bin/htdocs/yii-1.1.10.r3566/framework/web/CBaseController.php(127): require()
#7 /home/qa/PhpTools/httpd-2.2.19-bin/htdocs/yii-1.1.10.r3566/framework/web/CBaseController.php(96): PostController->renderInternal()
#8 /home/qa/PhpTools/httpd-2.2.19-bin/htdocs/yii-1.1.10.r3566/framework/web/CController.php(870): PostController->renderFile()
#9 /home/qa/PhpTools/httpd-2.2.19-bin/htdocs/yii-1.1.10.r3566/framework/web/CController.php(783): PostController->renderPartial()
#10 /home/qa/PhpTools/httpd-2.2.19-bin/htdocs/yiiblog/protected/controllers/PostController.php(164): PostController->render()
#11 /home/qa/PhpTools/httpd-2.2.19-bin/htdocs/yii-1.1.10.r3566/framework/web/actions/CInlineAction.php(50): PostController->actionAdmin()
#12 /home/qa/PhpTools/httpd-2.2.19-bin/htdocs/yii-1.1.10.r3566/framework/web/CController.php(309): CInlineAction->runWithParams()
#13 /home/qa/PhpTools/httpd-2.2.19-bin/htdocs/yii-1.1.10.r3566/framework/web/filters/CFilterChain.php(134): PostController->runAction()
#14 /home/qa/PhpTools/httpd-2.2.19-bin/htdocs/yii-1.1.10.r3566/framework/web/filters/CFilter.php(41): CFilterChain->run()
#15 /home/qa/PhpTools/httpd-2.2.19-bin/htdocs/yii-1.1.10.r3566/framework/web/CController.php(1146): CAccessControlFilter->filter()
#16 /home/qa/PhpTools/httpd-2.2.19-bin/htdocs/yii-1.1.10.r3566/framework/web/filters/CInlineFilter.php(59): PostController->filterAccessControl()
#17 /home/qa/PhpTools/httpd-2.2.19-bin/htdocs/yii-1.1.10.r3566/framework/web/filters/CFilterChain.php(131): CInlineFilter->filter()
#18 /home/qa/PhpTools/httpd-2.2.19-bin/htdocs/yii-1.1.10.r3566/framework/web/CController.php(292): CFilterChain->run()
#19 /home/qa/PhpTools/httpd-2.2.19-bin/htdocs/yii-1.1.10.r3566/framework/web/CController.php(266): PostController->runActionWithFilters()
#20 /home/qa/PhpTools/httpd-2.2.19-bin/htdocs/yii-1.1.10.r3566/framework/web/CWebApplication.php(276): PostController->run()
#21 /home/qa/PhpTools/httpd-2.2.19-bin/htdocs/yii-1.1.10.r3566/framework/web/CWebApplication.php(135): CWebApplication->runController()
#22 /home/qa/PhpTools/httpd-2.2.19-bin/htdocs/yii-1.1.10.r3566/framework/base/CApplication.php(162): CWebApplication->processRequest()
#23 /home/qa/PhpTools/httpd-2.2.19-bin/htdocs/yiiblog/index.php(13): CWebApplication->run()
REQUEST_URI=/yiiblog/index.php?r=post/admin
in /home/qa/PhpTools/httpd-2.2.19-bin/htdocs/yiiblog/protected/views/post/admin.php (63)
in /home/qa/PhpTools/httpd-2.2.19-bin/htdocs/yiiblog/protected/controllers/PostController.php (164)
in /home/qa/PhpTools/httpd-2.2.19-bin/htdocs/yiiblog/index.php (13)
2012/04/24 06:59:47 [error] [php] include(CButtomColumn.php) [<a href='function.include'>function.include</a>]: failed to open stream: No such file or directory (/home/qa/PhpTools/httpd-2.2.19-bin/htdocs/yii-1.1.10.r3566/framework/YiiBase.php:418)
Stack trace:
#0 /home/qa/PhpTools/httpd-2.2.19-bin/htdocs/yii-1.1.10.r3566/framework/YiiBase.php(198): import()
#1 /home/qa/PhpTools/httpd-2.2.19-bin/htdocs/yii-1.1.10.r3566/framework/zii/widgets/grid/CGridView.php(313): createComponent()
#2 /home/qa/PhpTools/httpd-2.2.19-bin/htdocs/yii-1.1.10.r3566/framework/zii/widgets/grid/CGridView.php(284): CGridView->initColumns()
#3 /home/qa/PhpTools/httpd-2.2.19-bin/htdocs/yii-1.1.10.r3566/framework/web/CBaseController.php(148): CGridView->init()
#4 /home/qa/PhpTools/httpd-2.2.19-bin/htdocs/yii-1.1.10.r3566/framework/web/CBaseController.php(173): PostController->createWidget()
#5 /home/qa/PhpTools/httpd-2.2.19-bin/htdocs/yiiblog/protected/views/post/admin.php(63): PostController->widget()
#6 /home/qa/PhpTools/httpd-2.2.19-bin/htdocs/yii-1.1.10.r3566/framework/web/CBaseController.php(127): require()
#7 /home/qa/PhpTools/httpd-2.2.19-bin/htdocs/yii-1.1.10.r3566/framework/web/CBaseController.php(96): PostController->renderInternal()
#8 /home/qa/PhpTools/httpd-2.2.19-bin/htdocs/yii-1.1.10.r3566/framework/web/CController.php(870): PostController->renderFile()
#9 /home/qa/PhpTools/httpd-2.2.19-bin/htdocs/yii-1.1.10.r3566/framework/web/CController.php(783): PostController->renderPartial()
#10 /home/qa/PhpTools/httpd-2.2.19-bin/htdocs/yiiblog/protected/controllers/PostController.php(164): PostController->render()
#11 /home/qa/PhpTools/httpd-2.2.19-bin/htdocs/yii-1.1.10.r3566/framework/web/actions/CInlineAction.php(50): PostController->actionAdmin()
#12 /home/qa/PhpTools/httpd-2.2.19-bin/htdocs/yii-1.1.10.r3566/framework/web/CController.php(309): CInlineAction->runWithParams()
#13 /home/qa/PhpTools/httpd-2.2.19-bin/htdocs/yii-1.1.10.r3566/framework/web/filters/CFilterChain.php(134): PostController->runAction()
#14 /home/qa/PhpTools/httpd-2.2.19-bin/htdocs/yii-1.1.10.r3566/framework/web/filters/CFilter.php(41): CFilterChain->run()
#15 /home/qa/PhpTools/httpd-2.2.19-bin/htdocs/yii-1.1.10.r3566/framework/web/CController.php(1146): CAccessControlFilter->filter()
#16 /home/qa/PhpTools/httpd-2.2.19-bin/htdocs/yii-1.1.10.r3566/framework/web/filters/CInlineFilter.php(59): PostController->filterAccessControl()
#17 /home/qa/PhpTools/httpd-2.2.19-bin/htdocs/yii-1.1.10.r3566/framework/web/filters/CFilterChain.php(131): CInlineFilter->filter()
#18 /home/qa/PhpTools/httpd-2.2.19-bin/htdocs/yii-1.1.10.r3566/framework/web/CController.php(292): CFilterChain->run()
#19 /home/qa/PhpTools/httpd-2.2.19-bin/htdocs/yii-1.1.10.r3566/framework/web/CController.php(266): PostController->runActionWithFilters()
#20 /home/qa/PhpTools/httpd-2.2.19-bin/htdocs/yii-1.1.10.r3566/framework/web/CWebApplication.php(276): PostController->run()
#21 /home/qa/PhpTools/httpd-2.2.19-bin/htdocs/yii-1.1.10.r3566/framework/web/CWebApplication.php(135): CWebApplication->runController()
#22 /home/qa/PhpTools/httpd-2.2.19-bin/htdocs/yii-1.1.10.r3566/framework/base/CApplication.php(162): CWebApplication->processRequest()
#23 /home/qa/PhpTools/httpd-2.2.19-bin/htdocs/yiiblog/index.php(13): CWebApplication->run()
REQUEST_URI=/yiiblog/index.php?r=post/admin
in /home/qa/PhpTools/httpd-2.2.19-bin/htdocs/yiiblog/protected/views/post/admin.php (63)
in /home/qa/PhpTools/httpd-2.2.19-bin/htdocs/yiiblog/protected/controllers/PostController.php (164)
in /home/qa/PhpTools/httpd-2.2.19-bin/htdocs/yiiblog/index.php (13)
2012/04/24 07:01:06 [error] [php] include(CButtomColumn.php) [<a href='function.include'>function.include</a>]: failed to open stream: No such file or directory (/home/qa/PhpTools/httpd-2.2.19-bin/htdocs/yii-1.1.10.r3566/framework/YiiBase.php:418)
Stack trace:
#0 /home/qa/PhpTools/httpd-2.2.19-bin/htdocs/yii-1.1.10.r3566/framework/YiiBase.php(198): import()
#1 /home/qa/PhpTools/httpd-2.2.19-bin/htdocs/yii-1.1.10.r3566/framework/zii/widgets/grid/CGridView.php(313): createComponent()
#2 /home/qa/PhpTools/httpd-2.2.19-bin/htdocs/yii-1.1.10.r3566/framework/zii/widgets/grid/CGridView.php(284): CGridView->initColumns()
#3 /home/qa/PhpTools/httpd-2.2.19-bin/htdocs/yii-1.1.10.r3566/framework/web/CBaseController.php(148): CGridView->init()
#4 /home/qa/PhpTools/httpd-2.2.19-bin/htdocs/yii-1.1.10.r3566/framework/web/CBaseController.php(173): PostController->createWidget()
#5 /home/qa/PhpTools/httpd-2.2.19-bin/htdocs/yiiblog/protected/views/post/admin.php(63): PostController->widget()
#6 /home/qa/PhpTools/httpd-2.2.19-bin/htdocs/yii-1.1.10.r3566/framework/web/CBaseController.php(127): require()
#7 /home/qa/PhpTools/httpd-2.2.19-bin/htdocs/yii-1.1.10.r3566/framework/web/CBaseController.php(96): PostController->renderInternal()
#8 /home/qa/PhpTools/httpd-2.2.19-bin/htdocs/yii-1.1.10.r3566/framework/web/CController.php(870): PostController->renderFile()
#9 /home/qa/PhpTools/httpd-2.2.19-bin/htdocs/yii-1.1.10.r3566/framework/web/CController.php(783): PostController->renderPartial()
#10 /home/qa/PhpTools/httpd-2.2.19-bin/htdocs/yiiblog/protected/controllers/PostController.php(164): PostController->render()
#11 /home/qa/PhpTools/httpd-2.2.19-bin/htdocs/yii-1.1.10.r3566/framework/web/actions/CInlineAction.php(50): PostController->actionAdmin()
#12 /home/qa/PhpTools/httpd-2.2.19-bin/htdocs/yii-1.1.10.r3566/framework/web/CController.php(309): CInlineAction->runWithParams()
#13 /home/qa/PhpTools/httpd-2.2.19-bin/htdocs/yii-1.1.10.r3566/framework/web/filters/CFilterChain.php(134): PostController->runAction()
#14 /home/qa/PhpTools/httpd-2.2.19-bin/htdocs/yii-1.1.10.r3566/framework/web/filters/CFilter.php(41): CFilterChain->run()
#15 /home/qa/PhpTools/httpd-2.2.19-bin/htdocs/yii-1.1.10.r3566/framework/web/CController.php(1146): CAccessControlFilter->filter()
#16 /home/qa/PhpTools/httpd-2.2.19-bin/htdocs/yii-1.1.10.r3566/framework/web/filters/CInlineFilter.php(59): PostController->filterAccessControl()
#17 /home/qa/PhpTools/httpd-2.2.19-bin/htdocs/yii-1.1.10.r3566/framework/web/filters/CFilterChain.php(131): CInlineFilter->filter()
#18 /home/qa/PhpTools/httpd-2.2.19-bin/htdocs/yii-1.1.10.r3566/framework/web/CController.php(292): CFilterChain->run()
#19 /home/qa/PhpTools/httpd-2.2.19-bin/htdocs/yii-1.1.10.r3566/framework/web/CController.php(266): PostController->runActionWithFilters()
#20 /home/qa/PhpTools/httpd-2.2.19-bin/htdocs/yii-1.1.10.r3566/framework/web/CWebApplication.php(276): PostController->run()
#21 /home/qa/PhpTools/httpd-2.2.19-bin/htdocs/yii-1.1.10.r3566/framework/web/CWebApplication.php(135): CWebApplication->runController()
#22 /home/qa/PhpTools/httpd-2.2.19-bin/htdocs/yii-1.1.10.r3566/framework/base/CApplication.php(162): CWebApplication->processRequest()
#23 /home/qa/PhpTools/httpd-2.2.19-bin/htdocs/yiiblog/index.php(13): CWebApplication->run()
REQUEST_URI=/yiiblog/index.php?r=post/admin
in /home/qa/PhpTools/httpd-2.2.19-bin/htdocs/yiiblog/protected/views/post/admin.php (63)
in /home/qa/PhpTools/httpd-2.2.19-bin/htdocs/yiiblog/protected/controllers/PostController.php (164)
in /home/qa/PhpTools/httpd-2.2.19-bin/htdocs/yiiblog/index.php (13)
2012/04/24 07:02:47 [error] [php] include(CButtomColumn.php) [<a href='function.include'>function.include</a>]: failed to open stream: No such file or directory (/home/qa/PhpTools/httpd-2.2.19-bin/htdocs/yii-1.1.10.r3566/framework/YiiBase.php:418)
Stack trace:
#0 /home/qa/PhpTools/httpd-2.2.19-bin/htdocs/yii-1.1.10.r3566/framework/YiiBase.php(198): import()
#1 /home/qa/PhpTools/httpd-2.2.19-bin/htdocs/yii-1.1.10.r3566/framework/zii/widgets/grid/CGridView.php(313): createComponent()
#2 /home/qa/PhpTools/httpd-2.2.19-bin/htdocs/yii-1.1.10.r3566/framework/zii/widgets/grid/CGridView.php(284): CGridView->initColumns()
#3 /home/qa/PhpTools/httpd-2.2.19-bin/htdocs/yii-1.1.10.r3566/framework/web/CBaseController.php(148): CGridView->init()
#4 /home/qa/PhpTools/httpd-2.2.19-bin/htdocs/yii-1.1.10.r3566/framework/web/CBaseController.php(173): PostController->createWidget()
#5 /home/qa/PhpTools/httpd-2.2.19-bin/htdocs/yiiblog/protected/views/post/admin.php(63): PostController->widget()
#6 /home/qa/PhpTools/httpd-2.2.19-bin/htdocs/yii-1.1.10.r3566/framework/web/CBaseController.php(127): require()
#7 /home/qa/PhpTools/httpd-2.2.19-bin/htdocs/yii-1.1.10.r3566/framework/web/CBaseController.php(96): PostController->renderInternal()
#8 /home/qa/PhpTools/httpd-2.2.19-bin/htdocs/yii-1.1.10.r3566/framework/web/CController.php(870): PostController->renderFile()
#9 /home/qa/PhpTools/httpd-2.2.19-bin/htdocs/yii-1.1.10.r3566/framework/web/CController.php(783): PostController->renderPartial()
#10 /home/qa/PhpTools/httpd-2.2.19-bin/htdocs/yiiblog/protected/controllers/PostController.php(164): PostController->render()
#11 /home/qa/PhpTools/httpd-2.2.19-bin/htdocs/yii-1.1.10.r3566/framework/web/actions/CInlineAction.php(50): PostController->actionAdmin()
#12 /home/qa/PhpTools/httpd-2.2.19-bin/htdocs/yii-1.1.10.r3566/framework/web/CController.php(309): CInlineAction->runWithParams()
#13 /home/qa/PhpTools/httpd-2.2.19-bin/htdocs/yii-1.1.10.r3566/framework/web/filters/CFilterChain.php(134): PostController->runAction()
#14 /home/qa/PhpTools/httpd-2.2.19-bin/htdocs/yii-1.1.10.r3566/framework/web/filters/CFilter.php(41): CFilterChain->run()
#15 /home/qa/PhpTools/httpd-2.2.19-bin/htdocs/yii-1.1.10.r3566/framework/web/CController.php(1146): CAccessControlFilter->filter()
#16 /home/qa/PhpTools/httpd-2.2.19-bin/htdocs/yii-1.1.10.r3566/framework/web/filters/CInlineFilter.php(59): PostController->filterAccessControl()
#17 /home/qa/PhpTools/httpd-2.2.19-bin/htdocs/yii-1.1.10.r3566/framework/web/filters/CFilterChain.php(131): CInlineFilter->filter()
#18 /home/qa/PhpTools/httpd-2.2.19-bin/htdocs/yii-1.1.10.r3566/framework/web/CController.php(292): CFilterChain->run()
#19 /home/qa/PhpTools/httpd-2.2.19-bin/htdocs/yii-1.1.10.r3566/framework/web/CController.php(266): PostController->runActionWithFilters()
#20 /home/qa/PhpTools/httpd-2.2.19-bin/htdocs/yii-1.1.10.r3566/framework/web/CWebApplication.php(276): PostController->run()
#21 /home/qa/PhpTools/httpd-2.2.19-bin/htdocs/yii-1.1.10.r3566/framework/web/CWebApplication.php(135): CWebApplication->runController()
#22 /home/qa/PhpTools/httpd-2.2.19-bin/htdocs/yii-1.1.10.r3566/framework/base/CApplication.php(162): CWebApplication->processRequest()
#23 /home/qa/PhpTools/httpd-2.2.19-bin/htdocs/yiiblog/index.php(13): CWebApplication->run()
REQUEST_URI=/yiiblog/index.php?r=post/admin
in /home/qa/PhpTools/httpd-2.2.19-bin/htdocs/yiiblog/protected/views/post/admin.php (63)
in /home/qa/PhpTools/httpd-2.2.19-bin/htdocs/yiiblog/protected/controllers/PostController.php (164)
in /home/qa/PhpTools/httpd-2.2.19-bin/htdocs/yiiblog/index.php (13)
2012/04/24 08:17:50 [error] [php] include(Usermenu.php) [<a href='function.include'>function.include</a>]: failed to open stream: No such file or directory (/home/qa/PhpTools/httpd-2.2.19-bin/htdocs/yii-1.1.10.r3566/framework/YiiBase.php:418)
Stack trace:
#0 /home/qa/PhpTools/httpd-2.2.19-bin/htdocs/yii-1.1.10.r3566/framework/web/CWidgetFactory.php(147): import()
#1 /home/qa/PhpTools/httpd-2.2.19-bin/htdocs/yii-1.1.10.r3566/framework/web/CBaseController.php(147): CWidgetFactory->createWidget()
#2 /home/qa/PhpTools/httpd-2.2.19-bin/htdocs/yii-1.1.10.r3566/framework/web/CBaseController.php(173): PostController->createWidget()
#3 /home/qa/PhpTools/httpd-2.2.19-bin/htdocs/yiiblog/protected/views/layouts/column2.php(11): PostController->widget()
#4 /home/qa/PhpTools/httpd-2.2.19-bin/htdocs/yii-1.1.10.r3566/framework/web/CBaseController.php(127): require()
#5 /home/qa/PhpTools/httpd-2.2.19-bin/htdocs/yii-1.1.10.r3566/framework/web/CBaseController.php(96): PostController->renderInternal()
#6 /home/qa/PhpTools/httpd-2.2.19-bin/htdocs/yii-1.1.10.r3566/framework/web/CController.php(785): PostController->renderFile()
#7 /home/qa/PhpTools/httpd-2.2.19-bin/htdocs/yiiblog/protected/controllers/PostController.php(149): PostController->render()
#8 /home/qa/PhpTools/httpd-2.2.19-bin/htdocs/yii-1.1.10.r3566/framework/web/actions/CInlineAction.php(50): PostController->actionIndex()
#9 /home/qa/PhpTools/httpd-2.2.19-bin/htdocs/yii-1.1.10.r3566/framework/web/CController.php(309): CInlineAction->runWithParams()
#10 /home/qa/PhpTools/httpd-2.2.19-bin/htdocs/yii-1.1.10.r3566/framework/web/filters/CFilterChain.php(134): PostController->runAction()
#11 /home/qa/PhpTools/httpd-2.2.19-bin/htdocs/yii-1.1.10.r3566/framework/web/filters/CFilter.php(41): CFilterChain->run()
#12 /home/qa/PhpTools/httpd-2.2.19-bin/htdocs/yii-1.1.10.r3566/framework/web/CController.php(1146): CAccessControlFilter->filter()
#13 /home/qa/PhpTools/httpd-2.2.19-bin/htdocs/yii-1.1.10.r3566/framework/web/filters/CInlineFilter.php(59): PostController->filterAccessControl()
#14 /home/qa/PhpTools/httpd-2.2.19-bin/htdocs/yii-1.1.10.r3566/framework/web/filters/CFilterChain.php(131): CInlineFilter->filter()
#15 /home/qa/PhpTools/httpd-2.2.19-bin/htdocs/yii-1.1.10.r3566/framework/web/CController.php(292): CFilterChain->run()
#16 /home/qa/PhpTools/httpd-2.2.19-bin/htdocs/yii-1.1.10.r3566/framework/web/CController.php(266): PostController->runActionWithFilters()
#17 /home/qa/PhpTools/httpd-2.2.19-bin/htdocs/yii-1.1.10.r3566/framework/web/CWebApplication.php(276): PostController->run()
#18 /home/qa/PhpTools/httpd-2.2.19-bin/htdocs/yii-1.1.10.r3566/framework/web/CWebApplication.php(135): CWebApplication->runController()
#19 /home/qa/PhpTools/httpd-2.2.19-bin/htdocs/yii-1.1.10.r3566/framework/base/CApplication.php(162): CWebApplication->processRequest()
#20 /home/qa/PhpTools/httpd-2.2.19-bin/htdocs/yiiblog/index.php(13): CWebApplication->run()
REQUEST_URI=/yiiblog/index.php?r=post
in /home/qa/PhpTools/httpd-2.2.19-bin/htdocs/yiiblog/protected/views/layouts/column2.php (11)
in /home/qa/PhpTools/httpd-2.2.19-bin/htdocs/yiiblog/protected/controllers/PostController.php (149)
in /home/qa/PhpTools/httpd-2.2.19-bin/htdocs/yiiblog/index.php (13)
2012/04/24 08:18:24 [error] [exception.CException] exception 'CException' with message 'Alias "z11.widgets.CPortlet" is invalid. Make sure it points to an existing directory or file.' in /home/qa/PhpTools/httpd-2.2.19-bin/htdocs/yii-1.1.10.r3566/framework/YiiBase.php:343
Stack trace:
#0 /home/qa/PhpTools/httpd-2.2.19-bin/htdocs/yiiblog/protected/components/UserMenu.php(2): YiiBase::import('z11.widgets.CPo...')
#1 /home/qa/PhpTools/httpd-2.2.19-bin/htdocs/yii-1.1.10.r3566/framework/YiiBase.php(418): include('/home/qa/PhpToo...')
#2 /home/qa/PhpTools/httpd-2.2.19-bin/htdocs/yii-1.1.10.r3566/framework/YiiBase.php(298): YiiBase::autoload('UserMenu')
#3 /home/qa/PhpTools/httpd-2.2.19-bin/htdocs/yii-1.1.10.r3566/framework/web/CWidgetFactory.php(147): YiiBase::import('UserMenu', true)
#4 /home/qa/PhpTools/httpd-2.2.19-bin/htdocs/yii-1.1.10.r3566/framework/web/CBaseController.php(147): CWidgetFactory->createWidget(Object(PostController), 'UserMenu', Array)
#5 /home/qa/PhpTools/httpd-2.2.19-bin/htdocs/yii-1.1.10.r3566/framework/web/CBaseController.php(173): CBaseController->createWidget('UserMenu', Array)
#6 /home/qa/PhpTools/httpd-2.2.19-bin/htdocs/yiiblog/protected/views/layouts/column2.php(11): CBaseController->widget('UserMenu')
#7 /home/qa/PhpTools/httpd-2.2.19-bin/htdocs/yii-1.1.10.r3566/framework/web/CBaseController.php(127): require('/home/qa/PhpToo...')
#8 /home/qa/PhpTools/httpd-2.2.19-bin/htdocs/yii-1.1.10.r3566/framework/web/CBaseController.php(96): CBaseController->renderInternal('/home/qa/PhpToo...', Array, true)
#9 /home/qa/PhpTools/httpd-2.2.19-bin/htdocs/yii-1.1.10.r3566/framework/web/CController.php(785): CBaseController->renderFile('/home/qa/PhpToo...', Array, true)
#10 /home/qa/PhpTools/httpd-2.2.19-bin/htdocs/yiiblog/protected/controllers/PostController.php(149): CController->render('index', Array)
#11 /home/qa/PhpTools/httpd-2.2.19-bin/htdocs/yii-1.1.10.r3566/framework/web/actions/CInlineAction.php(50): PostController->actionIndex()
#12 /home/qa/PhpTools/httpd-2.2.19-bin/htdocs/yii-1.1.10.r3566/framework/web/CController.php(309): CInlineAction->runWithParams(Array)
#13 /home/qa/PhpTools/httpd-2.2.19-bin/htdocs/yii-1.1.10.r3566/framework/web/filters/CFilterChain.php(134): CController->runAction(Object(CInlineAction))
#14 /home/qa/PhpTools/httpd-2.2.19-bin/htdocs/yii-1.1.10.r3566/framework/web/filters/CFilter.php(41): CFilterChain->run()
#15 /home/qa/PhpTools/httpd-2.2.19-bin/htdocs/yii-1.1.10.r3566/framework/web/CController.php(1146): CFilter->filter(Object(CFilterChain))
#16 /home/qa/PhpTools/httpd-2.2.19-bin/htdocs/yii-1.1.10.r3566/framework/web/filters/CInlineFilter.php(59): CController->filterAccessControl(Object(CFilterChain))
#17 /home/qa/PhpTools/httpd-2.2.19-bin/htdocs/yii-1.1.10.r3566/framework/web/filters/CFilterChain.php(131): CInlineFilter->filter(Object(CFilterChain))
#18 /home/qa/PhpTools/httpd-2.2.19-bin/htdocs/yii-1.1.10.r3566/framework/web/CController.php(292): CFilterChain->run()
#19 /home/qa/PhpTools/httpd-2.2.19-bin/htdocs/yii-1.1.10.r3566/framework/web/CController.php(266): CController->runActionWithFilters(Object(CInlineAction), Array)
#20 /home/qa/PhpTools/httpd-2.2.19-bin/htdocs/yii-1.1.10.r3566/framework/web/CWebApplication.php(276): CController->run('')
#21 /home/qa/PhpTools/httpd-2.2.19-bin/htdocs/yii-1.1.10.r3566/framework/web/CWebApplication.php(135): CWebApplication->runController('post')
#22 /home/qa/PhpTools/httpd-2.2.19-bin/htdocs/yii-1.1.10.r3566/framework/base/CApplication.php(162): CWebApplication->processRequest()
#23 /home/qa/PhpTools/httpd-2.2.19-bin/htdocs/yiiblog/index.php(13): CApplication->run()
#24 {main}
REQUEST_URI=/yiiblog/index.php?r=post
---
2012/04/24 08:18:29 [error] [exception.CException] exception 'CException' with message 'Alias "z11.widgets.CPortlet" is invalid. Make sure it points to an existing directory or file.' in /home/qa/PhpTools/httpd-2.2.19-bin/htdocs/yii-1.1.10.r3566/framework/YiiBase.php:343
Stack trace:
#0 /home/qa/PhpTools/httpd-2.2.19-bin/htdocs/yiiblog/protected/components/UserMenu.php(2): YiiBase::import('z11.widgets.CPo...')
#1 /home/qa/PhpTools/httpd-2.2.19-bin/htdocs/yii-1.1.10.r3566/framework/YiiBase.php(418): include('/home/qa/PhpToo...')
#2 /home/qa/PhpTools/httpd-2.2.19-bin/htdocs/yii-1.1.10.r3566/framework/YiiBase.php(298): YiiBase::autoload('UserMenu')
#3 /home/qa/PhpTools/httpd-2.2.19-bin/htdocs/yii-1.1.10.r3566/framework/web/CWidgetFactory.php(147): YiiBase::import('UserMenu', true)
#4 /home/qa/PhpTools/httpd-2.2.19-bin/htdocs/yii-1.1.10.r3566/framework/web/CBaseController.php(147): CWidgetFactory->createWidget(Object(PostController), 'UserMenu', Array)
#5 /home/qa/PhpTools/httpd-2.2.19-bin/htdocs/yii-1.1.10.r3566/framework/web/CBaseController.php(173): CBaseController->createWidget('UserMenu', Array)
#6 /home/qa/PhpTools/httpd-2.2.19-bin/htdocs/yiiblog/protected/views/layouts/column2.php(11): CBaseController->widget('UserMenu')
#7 /home/qa/PhpTools/httpd-2.2.19-bin/htdocs/yii-1.1.10.r3566/framework/web/CBaseController.php(127): require('/home/qa/PhpToo...')
#8 /home/qa/PhpTools/httpd-2.2.19-bin/htdocs/yii-1.1.10.r3566/framework/web/CBaseController.php(96): CBaseController->renderInternal('/home/qa/PhpToo...', Array, true)
#9 /home/qa/PhpTools/httpd-2.2.19-bin/htdocs/yii-1.1.10.r3566/framework/web/CController.php(785): CBaseController->renderFile('/home/qa/PhpToo...', Array, true)
#10 /home/qa/PhpTools/httpd-2.2.19-bin/htdocs/yiiblog/protected/controllers/PostController.php(149): CController->render('index', Array)
#11 /home/qa/PhpTools/httpd-2.2.19-bin/htdocs/yii-1.1.10.r3566/framework/web/actions/CInlineAction.php(50): PostController->actionIndex()
#12 /home/qa/PhpTools/httpd-2.2.19-bin/htdocs/yii-1.1.10.r3566/framework/web/CController.php(309): CInlineAction->runWithParams(Array)
#13 /home/qa/PhpTools/httpd-2.2.19-bin/htdocs/yii-1.1.10.r3566/framework/web/filters/CFilterChain.php(134): CController->runAction(Object(CInlineAction))
#14 /home/qa/PhpTools/httpd-2.2.19-bin/htdocs/yii-1.1.10.r3566/framework/web/filters/CFilter.php(41): CFilterChain->run()
#15 /home/qa/PhpTools/httpd-2.2.19-bin/htdocs/yii-1.1.10.r3566/framework/web/CController.php(1146): CFilter->filter(Object(CFilterChain))
#16 /home/qa/PhpTools/httpd-2.2.19-bin/htdocs/yii-1.1.10.r3566/framework/web/filters/CInlineFilter.php(59): CController->filterAccessControl(Object(CFilterChain))
#17 /home/qa/PhpTools/httpd-2.2.19-bin/htdocs/yii-1.1.10.r3566/framework/web/filters/CFilterChain.php(131): CInlineFilter->filter(Object(CFilterChain))
#18 /home/qa/PhpTools/httpd-2.2.19-bin/htdocs/yii-1.1.10.r3566/framework/web/CController.php(292): CFilterChain->run()
#19 /home/qa/PhpTools/httpd-2.2.19-bin/htdocs/yii-1.1.10.r3566/framework/web/CController.php(266): CController->runActionWithFilters(Object(CInlineAction), Array)
#20 /home/qa/PhpTools/httpd-2.2.19-bin/htdocs/yii-1.1.10.r3566/framework/web/CWebApplication.php(276): CController->run('')
#21 /home/qa/PhpTools/httpd-2.2.19-bin/htdocs/yii-1.1.10.r3566/framework/web/CWebApplication.php(135): CWebApplication->runController('post')
#22 /home/qa/PhpTools/httpd-2.2.19-bin/htdocs/yii-1.1.10.r3566/framework/base/CApplication.php(162): CWebApplication->processRequest()
#23 /home/qa/PhpTools/httpd-2.2.19-bin/htdocs/yiiblog/index.php(13): CApplication->run()
#24 {main}
REQUEST_URI=/yiiblog/index.php?r=post
---
2012/04/24 08:32:39 [error] [exception.CException] exception 'CException' with message 'Tag and its behaviors do not have a method or closure named "findTagWeight".' in /home/qa/PhpTools/httpd-2.2.19-bin/htdocs/yii-1.1.10.r3566/framework/base/CComponent.php:266
Stack trace:
#0 /home/qa/PhpTools/httpd-2.2.19-bin/htdocs/yii-1.1.10.r3566/framework/db/ar/CActiveRecord.php(226): CComponent->__call('findTagWeight', Array)
#1 /home/qa/PhpTools/httpd-2.2.19-bin/htdocs/yiiblog/protected/components/TagCloud.php(12): CActiveRecord->__call('findTagWeight', Array)
#2 /home/qa/PhpTools/httpd-2.2.19-bin/htdocs/yiiblog/protected/components/TagCloud.php(12): Tag->findTagWeight(NULL)
#3 /home/qa/PhpTools/httpd-2.2.19-bin/htdocs/yii-1.1.10.r3566/framework/zii/widgets/CPortlet.php(95): TagCloud->renderContent()
#4 /home/qa/PhpTools/httpd-2.2.19-bin/htdocs/yii-1.1.10.r3566/framework/web/CBaseController.php(174): CPortlet->run()
#5 /home/qa/PhpTools/httpd-2.2.19-bin/htdocs/yiiblog/protected/views/layouts/column2.php(16): CBaseController->widget('TagCloud', Array)
#6 /home/qa/PhpTools/httpd-2.2.19-bin/htdocs/yii-1.1.10.r3566/framework/web/CBaseController.php(127): require('/home/qa/PhpToo...')
#7 /home/qa/PhpTools/httpd-2.2.19-bin/htdocs/yii-1.1.10.r3566/framework/web/CBaseController.php(96): CBaseController->renderInternal('/home/qa/PhpToo...', Array, true)
#8 /home/qa/PhpTools/httpd-2.2.19-bin/htdocs/yii-1.1.10.r3566/framework/web/CController.php(785): CBaseController->renderFile('/home/qa/PhpToo...', Array, true)
#9 /home/qa/PhpTools/httpd-2.2.19-bin/htdocs/yiiblog/protected/controllers/PostController.php(149): CController->render('index', Array)
#10 /home/qa/PhpTools/httpd-2.2.19-bin/htdocs/yii-1.1.10.r3566/framework/web/actions/CInlineAction.php(50): PostController->actionIndex()
#11 /home/qa/PhpTools/httpd-2.2.19-bin/htdocs/yii-1.1.10.r3566/framework/web/CController.php(309): CInlineAction->runWithParams(Array)
#12 /home/qa/PhpTools/httpd-2.2.19-bin/htdocs/yii-1.1.10.r3566/framework/web/filters/CFilterChain.php(134): CController->runAction(Object(CInlineAction))
#13 /home/qa/PhpTools/httpd-2.2.19-bin/htdocs/yii-1.1.10.r3566/framework/web/filters/CFilter.php(41): CFilterChain->run()
#14 /home/qa/PhpTools/httpd-2.2.19-bin/htdocs/yii-1.1.10.r3566/framework/web/CController.php(1146): CFilter->filter(Object(CFilterChain))
#15 /home/qa/PhpTools/httpd-2.2.19-bin/htdocs/yii-1.1.10.r3566/framework/web/filters/CInlineFilter.php(59): CController->filterAccessControl(Object(CFilterChain))
#16 /home/qa/PhpTools/httpd-2.2.19-bin/htdocs/yii-1.1.10.r3566/framework/web/filters/CFilterChain.php(131): CInlineFilter->filter(Object(CFilterChain))
#17 /home/qa/PhpTools/httpd-2.2.19-bin/htdocs/yii-1.1.10.r3566/framework/web/CController.php(292): CFilterChain->run()
#18 /home/qa/PhpTools/httpd-2.2.19-bin/htdocs/yii-1.1.10.r3566/framework/web/CController.php(266): CController->runActionWithFilters(Object(CInlineAction), Array)
#19 /home/qa/PhpTools/httpd-2.2.19-bin/htdocs/yii-1.1.10.r3566/framework/web/CWebApplication.php(276): CController->run('')
#20 /home/qa/PhpTools/httpd-2.2.19-bin/htdocs/yii-1.1.10.r3566/framework/web/CWebApplication.php(135): CWebApplication->runController('post')
#21 /home/qa/PhpTools/httpd-2.2.19-bin/htdocs/yii-1.1.10.r3566/framework/base/CApplication.php(162): CWebApplication->processRequest()
#22 /home/qa/PhpTools/httpd-2.2.19-bin/htdocs/yiiblog/index.php(13): CApplication->run()
#23 {main}
REQUEST_URI=/yiiblog/index.php?r=post
---
2012/04/24 08:33:02 [error] [php] Undefined variable: models (/home/qa/PhpTools/httpd-2.2.19-bin/htdocs/yiiblog/protected/models/Tag.php:79)
Stack trace:
#0 /home/qa/PhpTools/httpd-2.2.19-bin/htdocs/yii-1.1.10.r3566/framework/web/CBaseController.php(174): TagCloud->run()
#1 /home/qa/PhpTools/httpd-2.2.19-bin/htdocs/yiiblog/protected/views/layouts/column2.php(16): PostController->widget()
#2 /home/qa/PhpTools/httpd-2.2.19-bin/htdocs/yii-1.1.10.r3566/framework/web/CBaseController.php(127): require()
#3 /home/qa/PhpTools/httpd-2.2.19-bin/htdocs/yii-1.1.10.r3566/framework/web/CBaseController.php(96): PostController->renderInternal()
#4 /home/qa/PhpTools/httpd-2.2.19-bin/htdocs/yii-1.1.10.r3566/framework/web/CController.php(785): PostController->renderFile()
#5 /home/qa/PhpTools/httpd-2.2.19-bin/htdocs/yiiblog/protected/controllers/PostController.php(149): PostController->render()
#6 /home/qa/PhpTools/httpd-2.2.19-bin/htdocs/yii-1.1.10.r3566/framework/web/actions/CInlineAction.php(50): PostController->actionIndex()
#7 /home/qa/PhpTools/httpd-2.2.19-bin/htdocs/yii-1.1.10.r3566/framework/web/CController.php(309): CInlineAction->runWithParams()
#8 /home/qa/PhpTools/httpd-2.2.19-bin/htdocs/yii-1.1.10.r3566/framework/web/filters/CFilterChain.php(134): PostController->runAction()
#9 /home/qa/PhpTools/httpd-2.2.19-bin/htdocs/yii-1.1.10.r3566/framework/web/filters/CFilter.php(41): CFilterChain->run()
#10 /home/qa/PhpTools/httpd-2.2.19-bin/htdocs/yii-1.1.10.r3566/framework/web/CController.php(1146): CAccessControlFilter->filter()
#11 /home/qa/PhpTools/httpd-2.2.19-bin/htdocs/yii-1.1.10.r3566/framework/web/filters/CInlineFilter.php(59): PostController->filterAccessControl()
#12 /home/qa/PhpTools/httpd-2.2.19-bin/htdocs/yii-1.1.10.r3566/framework/web/filters/CFilterChain.php(131): CInlineFilter->filter()
#13 /home/qa/PhpTools/httpd-2.2.19-bin/htdocs/yii-1.1.10.r3566/framework/web/CController.php(292): CFilterChain->run()
#14 /home/qa/PhpTools/httpd-2.2.19-bin/htdocs/yii-1.1.10.r3566/framework/web/CController.php(266): PostController->runActionWithFilters()
#15 /home/qa/PhpTools/httpd-2.2.19-bin/htdocs/yii-1.1.10.r3566/framework/web/CWebApplication.php(276): PostController->run()
#16 /home/qa/PhpTools/httpd-2.2.19-bin/htdocs/yii-1.1.10.r3566/framework/web/CWebApplication.php(135): CWebApplication->runController()
#17 /home/qa/PhpTools/httpd-2.2.19-bin/htdocs/yii-1.1.10.r3566/framework/base/CApplication.php(162): CWebApplication->processRequest()
#18 /home/qa/PhpTools/httpd-2.2.19-bin/htdocs/yiiblog/index.php(13): CWebApplication->run()
REQUEST_URI=/yiiblog/index.php?r=post
in /home/qa/PhpTools/httpd-2.2.19-bin/htdocs/yiiblog/protected/models/Tag.php (79)
in /home/qa/PhpTools/httpd-2.2.19-bin/htdocs/yiiblog/protected/components/TagCloud.php (12)
in /home/qa/PhpTools/httpd-2.2.19-bin/htdocs/yiiblog/protected/views/layouts/column2.php (16)
2012/04/24 09:04:37 [error] [exception.CException] exception 'CException' with message 'RecentComments cannot find the view "recentComments".' in /home/qa/PhpTools/httpd-2.2.19-bin/htdocs/yii-1.1.10.r3566/framework/web/widgets/CWidget.php:246
Stack trace:
#0 /home/qa/PhpTools/httpd-2.2.19-bin/htdocs/yiiblog/protected/components/RecentComments.php(16): CWidget->render('recentComments')
#1 /home/qa/PhpTools/httpd-2.2.19-bin/htdocs/yii-1.1.10.r3566/framework/zii/widgets/CPortlet.php(95): RecentComments->renderContent()
#2 /home/qa/PhpTools/httpd-2.2.19-bin/htdocs/yii-1.1.10.r3566/framework/web/CBaseController.php(174): CPortlet->run()
#3 /home/qa/PhpTools/httpd-2.2.19-bin/htdocs/yiiblog/protected/views/layouts/column2.php(20): CBaseController->widget('RecentComments', Array)
#4 /home/qa/PhpTools/httpd-2.2.19-bin/htdocs/yii-1.1.10.r3566/framework/web/CBaseController.php(127): require('/home/qa/PhpToo...')
#5 /home/qa/PhpTools/httpd-2.2.19-bin/htdocs/yii-1.1.10.r3566/framework/web/CBaseController.php(96): CBaseController->renderInternal('/home/qa/PhpToo...', Array, true)
#6 /home/qa/PhpTools/httpd-2.2.19-bin/htdocs/yii-1.1.10.r3566/framework/web/CController.php(785): CBaseController->renderFile('/home/qa/PhpToo...', Array, true)
#7 /home/qa/PhpTools/httpd-2.2.19-bin/htdocs/yiiblog/protected/controllers/PostController.php(149): CController->render('index', Array)
#8 /home/qa/PhpTools/httpd-2.2.19-bin/htdocs/yii-1.1.10.r3566/framework/web/actions/CInlineAction.php(50): PostController->actionIndex()
#9 /home/qa/PhpTools/httpd-2.2.19-bin/htdocs/yii-1.1.10.r3566/framework/web/CController.php(309): CInlineAction->runWithParams(Array)
#10 /home/qa/PhpTools/httpd-2.2.19-bin/htdocs/yii-1.1.10.r3566/framework/web/filters/CFilterChain.php(134): CController->runAction(Object(CInlineAction))
#11 /home/qa/PhpTools/httpd-2.2.19-bin/htdocs/yii-1.1.10.r3566/framework/web/filters/CFilter.php(41): CFilterChain->run()
#12 /home/qa/PhpTools/httpd-2.2.19-bin/htdocs/yii-1.1.10.r3566/framework/web/CController.php(1146): CFilter->filter(Object(CFilterChain))
#13 /home/qa/PhpTools/httpd-2.2.19-bin/htdocs/yii-1.1.10.r3566/framework/web/filters/CInlineFilter.php(59): CController->filterAccessControl(Object(CFilterChain))
#14 /home/qa/PhpTools/httpd-2.2.19-bin/htdocs/yii-1.1.10.r3566/framework/web/filters/CFilterChain.php(131): CInlineFilter->filter(Object(CFilterChain))
#15 /home/qa/PhpTools/httpd-2.2.19-bin/htdocs/yii-1.1.10.r3566/framework/web/CController.php(292): CFilterChain->run()
#16 /home/qa/PhpTools/httpd-2.2.19-bin/htdocs/yii-1.1.10.r3566/framework/web/CController.php(266): CController->runActionWithFilters(Object(CInlineAction), Array)
#17 /home/qa/PhpTools/httpd-2.2.19-bin/htdocs/yii-1.1.10.r3566/framework/web/CWebApplication.php(276): CController->run('')
#18 /home/qa/PhpTools/httpd-2.2.19-bin/htdocs/yii-1.1.10.r3566/framework/web/CWebApplication.php(135): CWebApplication->runController('post')
#19 /home/qa/PhpTools/httpd-2.2.19-bin/htdocs/yii-1.1.10.r3566/framework/base/CApplication.php(162): CWebApplication->processRequest()
#20 /home/qa/PhpTools/httpd-2.2.19-bin/htdocs/yiiblog/index.php(13): CApplication->run()
#21 {main}
REQUEST_URI=/yiiblog/index.php?r=post
---
2012/04/24 09:06:40 [error] [exception.CException] exception 'CException' with message 'RecentComments cannot find the view "recentComments".' in /home/qa/PhpTools/httpd-2.2.19-bin/htdocs/yii-1.1.10.r3566/framework/web/widgets/CWidget.php:246
Stack trace:
#0 /home/qa/PhpTools/httpd-2.2.19-bin/htdocs/yiiblog/protected/components/RecentComments.php(16): CWidget->render('recentComments')
#1 /home/qa/PhpTools/httpd-2.2.19-bin/htdocs/yii-1.1.10.r3566/framework/zii/widgets/CPortlet.php(95): RecentComments->renderContent()
#2 /home/qa/PhpTools/httpd-2.2.19-bin/htdocs/yii-1.1.10.r3566/framework/web/CBaseController.php(174): CPortlet->run()
#3 /home/qa/PhpTools/httpd-2.2.19-bin/htdocs/yiiblog/protected/views/layouts/column2.php(20): CBaseController->widget('RecentComments', Array)
#4 /home/qa/PhpTools/httpd-2.2.19-bin/htdocs/yii-1.1.10.r3566/framework/web/CBaseController.php(127): require('/home/qa/PhpToo...')
#5 /home/qa/PhpTools/httpd-2.2.19-bin/htdocs/yii-1.1.10.r3566/framework/web/CBaseController.php(96): CBaseController->renderInternal('/home/qa/PhpToo...', Array, true)
#6 /home/qa/PhpTools/httpd-2.2.19-bin/htdocs/yii-1.1.10.r3566/framework/web/CController.php(785): CBaseController->renderFile('/home/qa/PhpToo...', Array, true)
#7 /home/qa/PhpTools/httpd-2.2.19-bin/htdocs/yiiblog/protected/controllers/PostController.php(149): CController->render('index', Array)
#8 /home/qa/PhpTools/httpd-2.2.19-bin/htdocs/yii-1.1.10.r3566/framework/web/actions/CInlineAction.php(50): PostController->actionIndex()
#9 /home/qa/PhpTools/httpd-2.2.19-bin/htdocs/yii-1.1.10.r3566/framework/web/CController.php(309): CInlineAction->runWithParams(Array)
#10 /home/qa/PhpTools/httpd-2.2.19-bin/htdocs/yii-1.1.10.r3566/framework/web/filters/CFilterChain.php(134): CController->runAction(Object(CInlineAction))
#11 /home/qa/PhpTools/httpd-2.2.19-bin/htdocs/yii-1.1.10.r3566/framework/web/filters/CFilter.php(41): CFilterChain->run()
#12 /home/qa/PhpTools/httpd-2.2.19-bin/htdocs/yii-1.1.10.r3566/framework/web/CController.php(1146): CFilter->filter(Object(CFilterChain))
#13 /home/qa/PhpTools/httpd-2.2.19-bin/htdocs/yii-1.1.10.r3566/framework/web/filters/CInlineFilter.php(59): CController->filterAccessControl(Object(CFilterChain))
#14 /home/qa/PhpTools/httpd-2.2.19-bin/htdocs/yii-1.1.10.r3566/framework/web/filters/CFilterChain.php(131): CInlineFilter->filter(Object(CFilterChain))
#15 /home/qa/PhpTools/httpd-2.2.19-bin/htdocs/yii-1.1.10.r3566/framework/web/CController.php(292): CFilterChain->run()
#16 /home/qa/PhpTools/httpd-2.2.19-bin/htdocs/yii-1.1.10.r3566/framework/web/CController.php(266): CController->runActionWithFilters(Object(CInlineAction), Array)
#17 /home/qa/PhpTools/httpd-2.2.19-bin/htdocs/yii-1.1.10.r3566/framework/web/CWebApplication.php(276): CController->run('')
#18 /home/qa/PhpTools/httpd-2.2.19-bin/htdocs/yii-1.1.10.r3566/framework/web/CWebApplication.php(135): CWebApplication->runController('post')
#19 /home/qa/PhpTools/httpd-2.2.19-bin/htdocs/yii-1.1.10.r3566/framework/base/CApplication.php(162): CWebApplication->processRequest()
#20 /home/qa/PhpTools/httpd-2.2.19-bin/htdocs/yiiblog/index.php(13): CApplication->run()
#21 {main}
REQUEST_URI=/yiiblog/index.php?r=post
---
2012/04/24 09:11:24 [error] [exception.CException] exception 'CException' with message 'RecentComments and its behaviors do not have a method or closure named "getRecentCmments".' in /home/qa/PhpTools/httpd-2.2.19-bin/htdocs/yii-1.1.10.r3566/framework/base/CComponent.php:266
Stack trace:
#0 /home/qa/PhpTools/httpd-2.2.19-bin/htdocs/yiiblog/protected/components/views/recentComments.php(2): CComponent->__call('getRecentCmment...', Array)
#1 /home/qa/PhpTools/httpd-2.2.19-bin/htdocs/yiiblog/protected/components/views/recentComments.php(2): RecentComments->getRecentCmments()
#2 /home/qa/PhpTools/httpd-2.2.19-bin/htdocs/yii-1.1.10.r3566/framework/web/CBaseController.php(131): require('/home/qa/PhpToo...')
#3 /home/qa/PhpTools/httpd-2.2.19-bin/htdocs/yii-1.1.10.r3566/framework/web/CBaseController.php(96): CBaseController->renderInternal('/home/qa/PhpToo...', NULL, false)
#4 /home/qa/PhpTools/httpd-2.2.19-bin/htdocs/yii-1.1.10.r3566/framework/web/widgets/CWidget.php(244): CBaseController->renderFile('/home/qa/PhpToo...', NULL, false)
#5 /home/qa/PhpTools/httpd-2.2.19-bin/htdocs/yiiblog/protected/components/RecentComments.php(16): CWidget->render('recentComments')
#6 /home/qa/PhpTools/httpd-2.2.19-bin/htdocs/yii-1.1.10.r3566/framework/zii/widgets/CPortlet.php(95): RecentComments->renderContent()
#7 /home/qa/PhpTools/httpd-2.2.19-bin/htdocs/yii-1.1.10.r3566/framework/web/CBaseController.php(174): CPortlet->run()
#8 /home/qa/PhpTools/httpd-2.2.19-bin/htdocs/yiiblog/protected/views/layouts/column2.php(20): CBaseController->widget('RecentComments', Array)
#9 /home/qa/PhpTools/httpd-2.2.19-bin/htdocs/yii-1.1.10.r3566/framework/web/CBaseController.php(127): require('/home/qa/PhpToo...')
#10 /home/qa/PhpTools/httpd-2.2.19-bin/htdocs/yii-1.1.10.r3566/framework/web/CBaseController.php(96): CBaseController->renderInternal('/home/qa/PhpToo...', Array, true)
#11 /home/qa/PhpTools/httpd-2.2.19-bin/htdocs/yii-1.1.10.r3566/framework/web/CController.php(785): CBaseController->renderFile('/home/qa/PhpToo...', Array, true)
#12 /home/qa/PhpTools/httpd-2.2.19-bin/htdocs/yiiblog/protected/controllers/PostController.php(149): CController->render('index', Array)
#13 /home/qa/PhpTools/httpd-2.2.19-bin/htdocs/yii-1.1.10.r3566/framework/web/actions/CInlineAction.php(50): PostController->actionIndex()
#14 /home/qa/PhpTools/httpd-2.2.19-bin/htdocs/yii-1.1.10.r3566/framework/web/CController.php(309): CInlineAction->runWithParams(Array)
#15 /home/qa/PhpTools/httpd-2.2.19-bin/htdocs/yii-1.1.10.r3566/framework/web/filters/CFilterChain.php(134): CController->runAction(Object(CInlineAction))
#16 /home/qa/PhpTools/httpd-2.2.19-bin/htdocs/yii-1.1.10.r3566/framework/web/filters/CFilter.php(41): CFilterChain->run()
#17 /home/qa/PhpTools/httpd-2.2.19-bin/htdocs/yii-1.1.10.r3566/framework/web/CController.php(1146): CFilter->filter(Object(CFilterChain))
#18 /home/qa/PhpTools/httpd-2.2.19-bin/htdocs/yii-1.1.10.r3566/framework/web/filters/CInlineFilter.php(59): CController->filterAccessControl(Object(CFilterChain))
#19 /home/qa/PhpTools/httpd-2.2.19-bin/htdocs/yii-1.1.10.r3566/framework/web/filters/CFilterChain.php(131): CInlineFilter->filter(Object(CFilterChain))
#20 /home/qa/PhpTools/httpd-2.2.19-bin/htdocs/yii-1.1.10.r3566/framework/web/CController.php(292): CFilterChain->run()
#21 /home/qa/PhpTools/httpd-2.2.19-bin/htdocs/yii-1.1.10.r3566/framework/web/CController.php(266): CController->runActionWithFilters(Object(CInlineAction), Array)
#22 /home/qa/PhpTools/httpd-2.2.19-bin/htdocs/yii-1.1.10.r3566/framework/web/CWebApplication.php(276): CController->run('')
#23 /home/qa/PhpTools/httpd-2.2.19-bin/htdocs/yii-1.1.10.r3566/framework/web/CWebApplication.php(135): CWebApplication->runController('post')
#24 /home/qa/PhpTools/httpd-2.2.19-bin/htdocs/yii-1.1.10.r3566/framework/base/CApplication.php(162): CWebApplication->processRequest()
#25 /home/qa/PhpTools/httpd-2.2.19-bin/htdocs/yiiblog/index.php(13): CApplication->run()
#26 {main}
REQUEST_URI=/yiiblog/index.php?r=post
---
2012/04/24 09:16:35 [error] [exception.CHttpException.404] exception 'CHttpException' with message 'The system is unable to find the requested action "yii".' in /home/qa/PhpTools/httpd-2.2.19-bin/htdocs/yii-1.1.10.r3566/framework/web/CController.php:484
Stack trace:
#0 /home/qa/PhpTools/httpd-2.2.19-bin/htdocs/yii-1.1.10.r3566/framework/web/CController.php(271): CController->missingAction('yii')
#1 /home/qa/PhpTools/httpd-2.2.19-bin/htdocs/yii-1.1.10.r3566/framework/web/CWebApplication.php(276): CController->run('yii')
#2 /home/qa/PhpTools/httpd-2.2.19-bin/htdocs/yii-1.1.10.r3566/framework/web/CWebApplication.php(135): CWebApplication->runController('post/yii')
#3 /home/qa/PhpTools/httpd-2.2.19-bin/htdocs/yii-1.1.10.r3566/framework/base/CApplication.php(162): CWebApplication->processRequest()
#4 /home/qa/PhpTools/httpd-2.2.19-bin/htdocs/yiiblog/index.php(13): CApplication->run()
#5 {main}
REQUEST_URI=/yiiblog/index.php/post/yii
---
2012/04/24 09:16:50 [error] [exception.CHttpException.404] exception 'CHttpException' with message 'Unable to resolve the request "posts/yii".' in /home/qa/PhpTools/httpd-2.2.19-bin/htdocs/yii-1.1.10.r3566/framework/web/CWebApplication.php:280
Stack trace:
#0 /home/qa/PhpTools/httpd-2.2.19-bin/htdocs/yii-1.1.10.r3566/framework/web/CWebApplication.php(135): CWebApplication->runController('posts/yii')
#1 /home/qa/PhpTools/httpd-2.2.19-bin/htdocs/yii-1.1.10.r3566/framework/base/CApplication.php(162): CWebApplication->processRequest()
#2 /home/qa/PhpTools/httpd-2.2.19-bin/htdocs/yiiblog/index.php(13): CApplication->run()
#3 {main}
REQUEST_URI=/yiiblog/index.php/posts/yii
---
2012/04/24 09:17:02 [error] [exception.CHttpException.404] exception 'CHttpException' with message 'The system is unable to find the requested action "yii".' in /home/qa/PhpTools/httpd-2.2.19-bin/htdocs/yii-1.1.10.r3566/framework/web/CController.php:484
Stack trace:
#0 /home/qa/PhpTools/httpd-2.2.19-bin/htdocs/yii-1.1.10.r3566/framework/web/CController.php(271): CController->missingAction('yii')
#1 /home/qa/PhpTools/httpd-2.2.19-bin/htdocs/yii-1.1.10.r3566/framework/web/CWebApplication.php(276): CController->run('yii')
#2 /home/qa/PhpTools/httpd-2.2.19-bin/htdocs/yii-1.1.10.r3566/framework/web/CWebApplication.php(135): CWebApplication->runController('post/yii')
#3 /home/qa/PhpTools/httpd-2.2.19-bin/htdocs/yii-1.1.10.r3566/framework/base/CApplication.php(162): CWebApplication->processRequest()
#4 /home/qa/PhpTools/httpd-2.2.19-bin/htdocs/yiiblog/index.php(13): CApplication->run()
#5 {main}
REQUEST_URI=/yiiblog/index.php/post/yii
---
2012/04/24 09:17:45 [error] [exception.CHttpException.404] exception 'CHttpException' with message 'Unable to resolve the request "posts/test".' in /home/qa/PhpTools/httpd-2.2.19-bin/htdocs/yii-1.1.10.r3566/framework/web/CWebApplication.php:280
Stack trace:
#0 /home/qa/PhpTools/httpd-2.2.19-bin/htdocs/yii-1.1.10.r3566/framework/web/CWebApplication.php(135): CWebApplication->runController('posts/test')
#1 /home/qa/PhpTools/httpd-2.2.19-bin/htdocs/yii-1.1.10.r3566/framework/base/CApplication.php(162): CWebApplication->processRequest()
#2 /home/qa/PhpTools/httpd-2.2.19-bin/htdocs/yiiblog/index.php(13): CApplication->run()
#3 {main}
REQUEST_URI=/yiiblog/index.php/posts/test
---
2012/04/24 09:23:30 [error] [exception.CHttpException.404] exception 'CHttpException' with message 'The system is unable to find the requested action "2".' in /home/qa/PhpTools/httpd-2.2.19-bin/htdocs/yii-1.1.10.r3566/framework/web/CController.php:484
Stack trace:
#0 /home/qa/PhpTools/httpd-2.2.19-bin/htdocs/yii-1.1.10.r3566/framework/web/CController.php(271): CController->missingAction('2')
#1 /home/qa/PhpTools/httpd-2.2.19-bin/htdocs/yii-1.1.10.r3566/framework/web/CWebApplication.php(276): CController->run('2')
#2 /home/qa/PhpTools/httpd-2.2.19-bin/htdocs/yii-1.1.10.r3566/framework/web/CWebApplication.php(135): CWebApplication->runController('post/2')
#3 /home/qa/PhpTools/httpd-2.2.19-bin/htdocs/yii-1.1.10.r3566/framework/base/CApplication.php(162): CWebApplication->processRequest()
#4 /home/qa/PhpTools/httpd-2.2.19-bin/htdocs/yiiblog/index.php(13): CApplication->run()
#5 {main}
REQUEST_URI=/yiiblog/index.php/post/2
---
2012/04/24 09:23:34 [error] [exception.CHttpException.404] exception 'CHttpException' with message 'The system is unable to find the requested action "2".' in /home/qa/PhpTools/httpd-2.2.19-bin/htdocs/yii-1.1.10.r3566/framework/web/CController.php:484
Stack trace:
#0 /home/qa/PhpTools/httpd-2.2.19-bin/htdocs/yii-1.1.10.r3566/framework/web/CController.php(271): CController->missingAction('2')
#1 /home/qa/PhpTools/httpd-2.2.19-bin/htdocs/yii-1.1.10.r3566/framework/web/CWebApplication.php(276): CController->run('2')
#2 /home/qa/PhpTools/httpd-2.2.19-bin/htdocs/yii-1.1.10.r3566/framework/web/CWebApplication.php(135): CWebApplication->runController('post/2')
#3 /home/qa/PhpTools/httpd-2.2.19-bin/htdocs/yii-1.1.10.r3566/framework/base/CApplication.php(162): CWebApplication->processRequest()
#4 /home/qa/PhpTools/httpd-2.2.19-bin/htdocs/yiiblog/index.php(13): CApplication->run()
#5 {main}
REQUEST_URI=/yiiblog/index.php/post/2/
---
2012/04/24 09:24:37 [error] [exception.CHttpException.404] exception 'CHttpException' with message 'The requested page does not exist' in /home/qa/PhpTools/httpd-2.2.19-bin/htdocs/yiiblog/protected/controllers/PostController.php:194
Stack trace:
#0 /home/qa/PhpTools/httpd-2.2.19-bin/htdocs/yiiblog/protected/controllers/PostController.php(49): PostController->loadModel()
#1 /home/qa/PhpTools/httpd-2.2.19-bin/htdocs/yii-1.1.10.r3566/framework/web/actions/CInlineAction.php(50): PostController->actionView()
#2 /home/qa/PhpTools/httpd-2.2.19-bin/htdocs/yii-1.1.10.r3566/framework/web/CController.php(309): CInlineAction->runWithParams(Array)
#3 /home/qa/PhpTools/httpd-2.2.19-bin/htdocs/yii-1.1.10.r3566/framework/web/filters/CFilterChain.php(134): CController->runAction(Object(CInlineAction))
#4 /home/qa/PhpTools/httpd-2.2.19-bin/htdocs/yii-1.1.10.r3566/framework/web/filters/CFilter.php(41): CFilterChain->run()
#5 /home/qa/PhpTools/httpd-2.2.19-bin/htdocs/yii-1.1.10.r3566/framework/web/CController.php(1146): CFilter->filter(Object(CFilterChain))
#6 /home/qa/PhpTools/httpd-2.2.19-bin/htdocs/yii-1.1.10.r3566/framework/web/filters/CInlineFilter.php(59): CController->filterAccessControl(Object(CFilterChain))
#7 /home/qa/PhpTools/httpd-2.2.19-bin/htdocs/yii-1.1.10.r3566/framework/web/filters/CFilterChain.php(131): CInlineFilter->filter(Object(CFilterChain))
#8 /home/qa/PhpTools/httpd-2.2.19-bin/htdocs/yii-1.1.10.r3566/framework/web/CController.php(292): CFilterChain->run()
#9 /home/qa/PhpTools/httpd-2.2.19-bin/htdocs/yii-1.1.10.r3566/framework/web/CController.php(266): CController->runActionWithFilters(Object(CInlineAction), Array)
#10 /home/qa/PhpTools/httpd-2.2.19-bin/htdocs/yii-1.1.10.r3566/framework/web/CWebApplication.php(276): CController->run('view')
#11 /home/qa/PhpTools/httpd-2.2.19-bin/htdocs/yii-1.1.10.r3566/framework/web/CWebApplication.php(135): CWebApplication->runController('post/view')
#12 /home/qa/PhpTools/httpd-2.2.19-bin/htdocs/yii-1.1.10.r3566/framework/base/CApplication.php(162): CWebApplication->processRequest()
#13 /home/qa/PhpTools/httpd-2.2.19-bin/htdocs/yiiblog/index.php(13): CApplication->run()
#14 {main}
REQUEST_URI=/yiiblog/index.php/post/3/
---
